# JRE version: OpenJDK Runtime Environment Temurin-17.0.16+8 (17.0.16+8) (build 17.0.16+8)
# Java VM: OpenJDK 64-Bit Server VM Temurin-17.0.16+8 (17.0.16+8, mixed mode, sharing, tiered, compressed oops, compressed class ptrs, g1 gc, windows-amd64)
GC Precious Log:
 CPUs: 8 total, 8 available
 Memory: 6020M
 Large Page Support: Disabled
 NUMA Support: Disabled
 Compressed Oops: Enabled (Zero based)
 Heap Region Size: 4M
 Heap Min Capacity: 8M
 Heap Initial Capacity: 96M
 Heap Max Capacity: 6G
 Pre-touch: Disabled
 Parallel Workers: 8
 Concurrent Workers: 2
 Concurrent Refinement Workers: 8
 Periodic GC: Disabled
Heap:
 garbage-first heap   total 696320K, used 225856K [0x0000000680000000, 0x0000000800000000)
  region size 4096K, 1 young (4096K), 1 survivors (4096K)
 Metaspace       used 139599K, committed 141824K, reserved 770048K
  class space    used 18718K, committed 19840K, reserved 638976K
GC Heap History (20 events):
Event: 6927.709 GC heap after
{Heap after GC invocations=136 (full 0):
 garbage-first heap   total 778240K, used 181605K [0x0000000680000000, 0x0000000800000000)
  region size 4096K, 2 young (8192K), 2 survivors (8192K)
 Metaspace       used 137339K, committed 139200K, reserved 770048K
  class space    used 18332K, committed 19264K, reserved 638976K
}
Event: 7003.791 GC heap before
{Heap before GC invocations=136 (full 0):
 garbage-first heap   total 778240K, used 636261K [0x0000000680000000, 0x0000000800000000)
  region size 4096K, 114 young (466944K), 2 survivors (8192K)
 Metaspace       used 137458K, committed 139200K, reserved 770048K
  class space    used 18347K, committed 19264K, reserved 638976K
}
Event: 7003.966 GC heap after
{Heap after GC invocations=137 (full 0):
 garbage-first heap   total 778240K, used 203209K [0x0000000680000000, 0x0000000800000000)
  region size 4096K, 7 young (28672K), 7 survivors (28672K)
 Metaspace       used 137458K, committed 139200K, reserved 770048K
  class space    used 18347K, committed 19264K, reserved 638976K
}
Event: 7609.056 GC heap before
{Heap before GC invocations=137 (full 0):
 garbage-first heap   total 778240K, used 293321K [0x0000000680000000, 0x0000000800000000)
  region size 4096K, 30 young (122880K), 7 survivors (28672K)
 Metaspace       used 138749K, committed 140864K, reserved 770048K
  class space    used 18602K, committed 19648K, reserved 638976K
}
Event: 7609.160 GC heap after
{Heap after GC invocations=138 (full 0):
 garbage-first heap   total 778240K, used 191205K [0x0000000680000000, 0x0000000800000000)
  region size 4096K, 2 young (8192K), 2 survivors (8192K)
 Metaspace       used 138749K, committed 140864K, reserved 770048K
  class space    used 18602K, committed 19648K, reserved 638976K
}
Event: 7679.355 GC heap before
{Heap before GC invocations=139 (full 0):
 garbage-first heap   total 684032K, used 584421K [0x0000000680000000, 0x0000000800000000)
  region size 4096K, 100 young (409600K), 2 survivors (8192K)
 Metaspace       used 139425K, committed 141696K, reserved 770048K
  class space    used 18712K, committed 19840K, reserved 638976K
}
Event: 7679.585 GC heap after
{Heap after GC invocations=140 (full 0):
 garbage-first heap   total 684032K, used 201433K [0x0000000680000000, 0x0000000800000000)
  region size 4096K, 5 young (20480K), 5 survivors (20480K)
 Metaspace       used 139425K, committed 141696K, reserved 770048K
  class space    used 18712K, committed 19840K, reserved 638976K
}
Event: 7679.655 GC heap before
{Heap before GC invocations=140 (full 0):
 garbage-first heap   total 684032K, used 209625K [0x0000000680000000, 0x0000000800000000)
  region size 4096K, 8 young (32768K), 5 survivors (20480K)
 Metaspace       used 139426K, committed 141696K, reserved 770048K
  class space    used 18712K, committed 19840K, reserved 638976K
}
Event: 7679.861 GC heap after
{Heap after GC invocations=141 (full 0):
 garbage-first heap   total 684032K, used 197632K [0x0000000680000000, 0x0000000800000000)
  region size 4096K, 1 young (4096K), 1 survivors (4096K)
 Metaspace       used 139426K, committed 141696K, reserved 770048K
  class space    used 18712K, committed 19840K, reserved 638976K
}
Event: 8018.821 GC heap before
{Heap before GC invocations=141 (full 0):
 garbage-first heap   total 684032K, used 562176K [0x0000000680000000, 0x0000000800000000)
  region size 4096K, 91 young (372736K), 1 survivors (4096K)
 Metaspace       used 139560K, committed 141824K, reserved 770048K
  class space    used 18717K, committed 19840K, reserved 638976K
}
Event: 8018.916 GC heap after
{Heap after GC invocations=142 (full 0):
 garbage-first heap   total 684032K, used 211129K [0x0000000680000000, 0x0000000800000000)
  region size 4096K, 5 young (20480K), 5 survivors (20480K)
 Metaspace       used 139560K, committed 141824K, reserved 770048K
  class space    used 18717K, committed 19840K, reserved 638976K
}
Event: 8033.484 GC heap before
{Heap before GC invocations=143 (full 0):
 garbage-first heap   total 684032K, used 496825K [0x0000000680000000, 0x0000000800000000)
  region size 4096K, 76 young (311296K), 5 survivors (20480K)
 Metaspace       used 139592K, committed 141824K, reserved 770048K
  class space    used 18718K, committed 19840K, reserved 638976K
}
Event: 8033.600 GC heap after
{Heap after GC invocations=144 (full 0):
 garbage-first heap   total 684032K, used 248400K [0x0000000680000000, 0x0000000800000000)
  region size 4096K, 10 young (40960K), 10 survivors (40960K)
 Metaspace       used 139592K, committed 141824K, reserved 770048K
  class space    used 18718K, committed 19840K, reserved 638976K
}
Event: 8033.645 GC heap before
{Heap before GC invocations=144 (full 0):
 garbage-first heap   total 684032K, used 252496K [0x0000000680000000, 0x0000000800000000)
  region size 4096K, 11 young (45056K), 10 survivors (40960K)
 Metaspace       used 139592K, committed 141824K, reserved 770048K
  class space    used 18718K, committed 19840K, reserved 638976K
}
Event: 8033.854 GC heap after
{Heap after GC invocations=145 (full 0):
 garbage-first heap   total 684032K, used 230229K [0x0000000680000000, 0x0000000800000000)
  region size 4096K, 2 young (8192K), 2 survivors (8192K)
 Metaspace       used 139592K, committed 141824K, reserved 770048K
  class space    used 18718K, committed 19840K, reserved 638976K
}
Event: 8034.940 GC heap before
{Heap before GC invocations=145 (full 0):
 garbage-first heap   total 684032K, used 537429K [0x0000000680000000, 0x0000000800000000)
  region size 4096K, 77 young (315392K), 2 survivors (8192K)
 Metaspace       used 139594K, committed 141824K, reserved 770048K
  class space    used 18718K, committed 19840K, reserved 638976K
}
Event: 8034.967 GC heap after
{Heap after GC invocations=146 (full 0):
 garbage-first heap   total 684032K, used 240489K [0x0000000680000000, 0x0000000800000000)
  region size 4096K, 5 young (20480K), 5 survivors (20480K)
 Metaspace       used 139594K, committed 141824K, reserved 770048K
  class space    used 18718K, committed 19840K, reserved 638976K
}
Event: 8035.741 GC heap before
{Heap before GC invocations=147 (full 0):
 garbage-first heap   total 684032K, used 539497K [0x0000000680000000, 0x0000000800000000)
  region size 4096K, 78 young (319488K), 5 survivors (20480K)
 Metaspace       used 139599K, committed 141824K, reserved 770048K
  class space    used 18718K, committed 19840K, reserved 638976K
}
Event: 8035.757 GC heap after
{Heap after GC invocations=148 (full 0):
 garbage-first heap   total 684032K, used 240732K [0x0000000680000000, 0x0000000800000000)
  region size 4096K, 5 young (20480K), 5 survivors (20480K)
 Metaspace       used 139599K, committed 141824K, reserved 770048K
  class space    used 18718K, committed 19840K, reserved 638976K
}
Event: 8035.774 GC heap before
{Heap before GC invocations=148 (full 0):
 garbage-first heap   total 684032K, used 253020K [0x0000000680000000, 0x0000000800000000)
  region size 4096K, 8 young (32768K), 5 survivors (20480K)
 Metaspace       used 139599K, committed 141824K, reserved 770048K
  class space    used 18718K, committed 19840K, reserved 638976K
}

