# JRE version: OpenJDK Runtime Environment Temurin-17.0.16+8 (17.0.16+8) (build 17.0.16+8)
# Java VM: OpenJDK 64-Bit Server VM Temurin-17.0.16+8 (17.0.16+8, mixed mode, sharing, tiered, compressed oops, compressed class ptrs, g1 gc, windows-amd64)
GC Precious Log:
 CPUs: 8 total, 8 available
 Memory: 6020M
 Large Page Support: Disabled
 NUMA Support: Disabled
 Compressed Oops: Enabled (Zero based)
 Heap Region Size: 2M
 Heap Min Capacity: 8M
 Heap Initial Capacity: 96M
 Heap Max Capacity: 4G
 Pre-touch: Disabled
 Parallel Workers: 8
 Concurrent Workers: 2
 Concurrent Refinement Workers: 8
 Periodic GC: Disabled
Heap:
 garbage-first heap   total 727040K, used 583387K [0x0000000700000000, 0x0000000800000000)
  region size 2048K, 4 young (8192K), 4 survivors (8192K)
 Metaspace       used 203975K, committed 205504K, reserved 622592K
  class space    used 25076K, committed 25792K, reserved 425984K
GC Heap History (20 events):
Event: 906.779 GC heap after
{Heap after GC invocations=99 (full 0):
 garbage-first heap   total 727040K, used 316563K [0x0000000700000000, 0x0000000800000000)
  region size 2048K, 20 young (40960K), 20 survivors (40960K)
 Metaspace       used 168109K, committed 169600K, reserved 622592K
  class space    used 21432K, committed 22144K, reserved 425984K
}
Event: 918.020 GC heap before
{Heap before GC invocations=99 (full 0):
 garbage-first heap   total 727040K, used 576659K [0x0000000700000000, 0x0000000800000000)
  region size 2048K, 145 young (296960K), 20 survivors (40960K)
 Metaspace       used 191448K, committed 192960K, reserved 622592K
  class space    used 23885K, committed 24640K, reserved 425984K
}
Event: 918.089 GC heap after
{Heap after GC invocations=100 (full 0):
 garbage-first heap   total 727040K, used 350139K [0x0000000700000000, 0x0000000800000000)
  region size 2048K, 15 young (30720K), 15 survivors (30720K)
 Metaspace       used 191448K, committed 192960K, reserved 622592K
  class space    used 23885K, committed 24640K, reserved 425984K
}
Event: 926.394 GC heap before
{Heap before GC invocations=100 (full 0):
 garbage-first heap   total 727040K, used 579515K [0x0000000700000000, 0x0000000800000000)
  region size 2048K, 128 young (262144K), 15 survivors (30720K)
 Metaspace       used 197690K, committed 199168K, reserved 622592K
  class space    used 24366K, committed 25088K, reserved 425984K
}
Event: 926.449 GC heap after
{Heap after GC invocations=101 (full 0):
 garbage-first heap   total 727040K, used 387072K [0x0000000700000000, 0x0000000800000000)
  region size 2048K, 16 young (32768K), 16 survivors (32768K)
 Metaspace       used 197690K, committed 199168K, reserved 622592K
  class space    used 24366K, committed 25088K, reserved 425984K
}
Event: 928.142 GC heap before
{Heap before GC invocations=101 (full 0):
 garbage-first heap   total 727040K, used 581632K [0x0000000700000000, 0x0000000800000000)
  region size 2048K, 111 young (227328K), 16 survivors (32768K)
 Metaspace       used 198048K, committed 199552K, reserved 622592K
  class space    used 24375K, committed 25088K, reserved 425984K
}
Event: 928.184 GC heap after
{Heap after GC invocations=102 (full 0):
 garbage-first heap   total 727040K, used 447263K [0x0000000700000000, 0x0000000800000000)
  region size 2048K, 14 young (28672K), 14 survivors (28672K)
 Metaspace       used 198048K, committed 199552K, reserved 622592K
  class space    used 24375K, committed 25088K, reserved 425984K
}
Event: 930.050 GC heap before
{Heap before GC invocations=102 (full 0):
 garbage-first heap   total 727040K, used 580383K [0x0000000700000000, 0x0000000800000000)
  region size 2048K, 80 young (163840K), 14 survivors (28672K)
 Metaspace       used 199161K, committed 200640K, reserved 622592K
  class space    used 24484K, committed 25216K, reserved 425984K
}
Event: 930.070 GC heap after
{Heap after GC invocations=103 (full 0):
 garbage-first heap   total 727040K, used 481280K [0x0000000700000000, 0x0000000800000000)
  region size 2048K, 10 young (20480K), 10 survivors (20480K)
 Metaspace       used 199161K, committed 200640K, reserved 622592K
  class space    used 24484K, committed 25216K, reserved 425984K
}
Event: 933.725 GC heap before
{Heap before GC invocations=103 (full 0):
 garbage-first heap   total 727040K, used 589824K [0x0000000700000000, 0x0000000800000000)
  region size 2048K, 64 young (131072K), 10 survivors (20480K)
 Metaspace       used 203796K, committed 205312K, reserved 622592K
  class space    used 25070K, committed 25792K, reserved 425984K
}
Event: 933.751 GC heap after
{Heap after GC invocations=104 (full 0):
 garbage-first heap   total 727040K, used 501760K [0x0000000700000000, 0x0000000800000000)
  region size 2048K, 8 young (16384K), 8 survivors (16384K)
 Metaspace       used 203796K, committed 205312K, reserved 622592K
  class space    used 25070K, committed 25792K, reserved 425984K
}
Event: 934.108 GC heap before
{Heap before GC invocations=104 (full 0):
 garbage-first heap   total 727040K, used 602112K [0x0000000700000000, 0x0000000800000000)
  region size 2048K, 57 young (116736K), 8 survivors (16384K)
 Metaspace       used 203843K, committed 205312K, reserved 622592K
  class space    used 25071K, committed 25792K, reserved 425984K
}
Event: 934.145 GC heap after
{Heap after GC invocations=105 (full 0):
 garbage-first heap   total 727040K, used 520818K [0x0000000700000000, 0x0000000800000000)
  region size 2048K, 8 young (16384K), 8 survivors (16384K)
 Metaspace       used 203843K, committed 205312K, reserved 622592K
  class space    used 25071K, committed 25792K, reserved 425984K
}
Event: 934.409 GC heap before
{Heap before GC invocations=105 (full 0):
 garbage-first heap   total 727040K, used 604786K [0x0000000700000000, 0x0000000800000000)
  region size 2048K, 50 young (102400K), 8 survivors (16384K)
 Metaspace       used 203902K, committed 205376K, reserved 622592K
  class space    used 25075K, committed 25792K, reserved 425984K
}
Event: 934.454 GC heap after
{Heap after GC invocations=106 (full 0):
 garbage-first heap   total 727040K, used 541137K [0x0000000700000000, 0x0000000800000000)
  region size 2048K, 7 young (14336K), 7 survivors (14336K)
 Metaspace       used 203902K, committed 205376K, reserved 622592K
  class space    used 25075K, committed 25792K, reserved 425984K
}
Event: 934.677 GC heap before
{Heap before GC invocations=106 (full 0):
 garbage-first heap   total 727040K, used 610769K [0x0000000700000000, 0x0000000800000000)
  region size 2048K, 42 young (86016K), 7 survivors (14336K)
 Metaspace       used 203913K, committed 205376K, reserved 622592K
  class space    used 25075K, committed 25792K, reserved 425984K
}
Event: 934.715 GC heap after
{Heap after GC invocations=107 (full 0):
 garbage-first heap   total 727040K, used 559091K [0x0000000700000000, 0x0000000800000000)
  region size 2048K, 6 young (12288K), 6 survivors (12288K)
 Metaspace       used 203913K, committed 205376K, reserved 622592K
  class space    used 25075K, committed 25792K, reserved 425984K
}
Event: 934.927 GC heap before
{Heap before GC invocations=107 (full 0):
 garbage-first heap   total 727040K, used 618483K [0x0000000700000000, 0x0000000800000000)
  region size 2048K, 35 young (71680K), 6 survivors (12288K)
 Metaspace       used 203931K, committed 205440K, reserved 622592K
  class space    used 25076K, committed 25792K, reserved 425984K
}
Event: 934.966 GC heap after
{Heap after GC invocations=108 (full 0):
 garbage-first heap   total 727040K, used 572747K [0x0000000700000000, 0x0000000800000000)
  region size 2048K, 5 young (10240K), 5 survivors (10240K)
 Metaspace       used 203931K, committed 205440K, reserved 622592K
  class space    used 25076K, committed 25792K, reserved 425984K
}
Event: 935.129 GC heap before
{Heap before GC invocations=108 (full 0):
 garbage-first heap   total 727040K, used 621899K [0x0000000700000000, 0x0000000800000000)
  region size 2048K, 29 young (59392K), 5 survivors (10240K)
 Metaspace       used 203975K, committed 205504K, reserved 622592K
  class space    used 25076K, committed 25792K, reserved 425984K
}

