# JRE version: OpenJDK Runtime Environment Temurin-17.0.16+8 (17.0.16+8) (build 17.0.16+8)
# Java VM: OpenJDK 64-Bit Server VM Temurin-17.0.16+8 (17.0.16+8, mixed mode, sharing, tiered, compressed oops, compressed class ptrs, g1 gc, windows-amd64)
GC Precious Log:
 CPUs: 8 total, 8 available
 Memory: 6020M
 Large Page Support: Disabled
 NUMA Support: Disabled
 Compressed Oops: Enabled (Zero based)
 Heap Region Size: 4M
 Heap Min Capacity: 8M
 Heap Initial Capacity: 96M
 Heap Max Capacity: 6G
 Pre-touch: Disabled
 Parallel Workers: 8
 Concurrent Workers: 2
 Concurrent Refinement Workers: 8
 Periodic GC: Disabled
Heap:
 garbage-first heap   total 397312K, used 195932K [0x0000000680000000, 0x0000000800000000)
  region size 4096K, 2 young (8192K), 2 survivors (8192K)
 Metaspace       used 114367K, committed 115648K, reserved 770048K
  class space    used 15759K, committed 16384K, reserved 638976K
GC Heap History (20 events):
Event: 413.329 GC heap after
{Heap after GC invocations=67 (full 0):
 garbage-first heap   total 380928K, used 230903K [0x0000000680000000, 0x0000000800000000)
  region size 4096K, 1 young (4096K), 1 survivors (4096K)
 Metaspace       used 95840K, committed 96832K, reserved 770048K
  class space    used 13222K, committed 13696K, reserved 638976K
}
Event: 415.966 GC heap before
{Heap before GC invocations=68 (full 0):
 garbage-first heap   total 397312K, used 296439K [0x0000000680000000, 0x0000000800000000)
  region size 4096K, 19 young (77824K), 1 survivors (4096K)
 Metaspace       used 96144K, committed 97216K, reserved 770048K
  class space    used 13251K, committed 13760K, reserved 638976K
}
Event: 415.982 GC heap after
{Heap after GC invocations=69 (full 0):
 garbage-first heap   total 397312K, used 232217K [0x0000000680000000, 0x0000000800000000)
  region size 4096K, 3 young (12288K), 3 survivors (12288K)
 Metaspace       used 96144K, committed 97216K, reserved 770048K
  class space    used 13251K, committed 13760K, reserved 638976K
}
Event: 416.062 GC heap before
{Heap before GC invocations=69 (full 0):
 garbage-first heap   total 397312K, used 236313K [0x0000000680000000, 0x0000000800000000)
  region size 4096K, 4 young (16384K), 3 survivors (12288K)
 Metaspace       used 96148K, committed 97216K, reserved 770048K
  class space    used 13251K, committed 13760K, reserved 638976K
}
Event: 416.081 GC heap after
{Heap after GC invocations=70 (full 0):
 garbage-first heap   total 397312K, used 193313K [0x0000000680000000, 0x0000000800000000)
  region size 4096K, 1 young (4096K), 1 survivors (4096K)
 Metaspace       used 96148K, committed 97216K, reserved 770048K
  class space    used 13251K, committed 13760K, reserved 638976K
}
Event: 416.425 GC heap before
{Heap before GC invocations=70 (full 0):
 garbage-first heap   total 397312K, used 205601K [0x0000000680000000, 0x0000000800000000)
  region size 4096K, 4 young (16384K), 1 survivors (4096K)
 Metaspace       used 96185K, committed 97216K, reserved 770048K
  class space    used 13253K, committed 13760K, reserved 638976K
}
Event: 416.448 GC heap after
{Heap after GC invocations=71 (full 0):
 garbage-first heap   total 397312K, used 163278K [0x0000000680000000, 0x0000000800000000)
  region size 4096K, 1 young (4096K), 1 survivors (4096K)
 Metaspace       used 96185K, committed 97216K, reserved 770048K
  class space    used 13253K, committed 13760K, reserved 638976K
}
Event: 416.913 GC heap before
{Heap before GC invocations=71 (full 0):
 garbage-first heap   total 397312K, used 175566K [0x0000000680000000, 0x0000000800000000)
  region size 4096K, 4 young (16384K), 1 survivors (4096K)
 Metaspace       used 96206K, committed 97280K, reserved 770048K
  class space    used 13255K, committed 13760K, reserved 638976K
}
Event: 416.932 GC heap after
{Heap after GC invocations=72 (full 0):
 garbage-first heap   total 397312K, used 154497K [0x0000000680000000, 0x0000000800000000)
  region size 4096K, 1 young (4096K), 1 survivors (4096K)
 Metaspace       used 96206K, committed 97280K, reserved 770048K
  class space    used 13255K, committed 13760K, reserved 638976K
}
Event: 439.439 GC heap before
{Heap before GC invocations=72 (full 0):
 garbage-first heap   total 397312K, used 297857K [0x0000000680000000, 0x0000000800000000)
  region size 4096K, 37 young (151552K), 1 survivors (4096K)
 Metaspace       used 96867K, committed 97984K, reserved 770048K
  class space    used 13323K, committed 13888K, reserved 638976K
}
Event: 439.469 GC heap after
{Heap after GC invocations=73 (full 0):
 garbage-first heap   total 397312K, used 159392K [0x0000000680000000, 0x0000000800000000)
  region size 4096K, 2 young (8192K), 2 survivors (8192K)
 Metaspace       used 96867K, committed 97984K, reserved 770048K
  class space    used 13323K, committed 13888K, reserved 638976K
}
Event: 516.047 GC heap before
{Heap before GC invocations=73 (full 0):
 garbage-first heap   total 397312K, used 310944K [0x0000000680000000, 0x0000000800000000)
  region size 4096K, 40 young (163840K), 2 survivors (8192K)
 Metaspace       used 97216K, committed 98368K, reserved 770048K
  class space    used 13339K, committed 13888K, reserved 638976K
}
Event: 516.119 GC heap after
{Heap after GC invocations=74 (full 0):
 garbage-first heap   total 397312K, used 168584K [0x0000000680000000, 0x0000000800000000)
  region size 4096K, 5 young (20480K), 5 survivors (20480K)
 Metaspace       used 97216K, committed 98368K, reserved 770048K
  class space    used 13339K, committed 13888K, reserved 638976K
}
Event: 531.378 GC heap before
{Heap before GC invocations=74 (full 0):
 garbage-first heap   total 397312K, used 311944K [0x0000000680000000, 0x0000000800000000)
  region size 4096K, 40 young (163840K), 5 survivors (20480K)
 Metaspace       used 97716K, committed 98944K, reserved 770048K
  class space    used 13422K, committed 14016K, reserved 638976K
}
Event: 531.419 GC heap after
{Heap after GC invocations=75 (full 0):
 garbage-first heap   total 397312K, used 174223K [0x0000000680000000, 0x0000000800000000)
  region size 4096K, 2 young (8192K), 2 survivors (8192K)
 Metaspace       used 97716K, committed 98944K, reserved 770048K
  class space    used 13422K, committed 14016K, reserved 638976K
}
Event: 545.652 GC heap before
{Heap before GC invocations=75 (full 0):
 garbage-first heap   total 397312K, used 317583K [0x0000000680000000, 0x0000000800000000)
  region size 4096K, 38 young (155648K), 2 survivors (8192K)
 Metaspace       used 99357K, committed 100544K, reserved 770048K
  class space    used 13544K, committed 14144K, reserved 638976K
}
Event: 545.701 GC heap after
{Heap after GC invocations=76 (full 0):
 garbage-first heap   total 397312K, used 190151K [0x0000000680000000, 0x0000000800000000)
  region size 4096K, 5 young (20480K), 5 survivors (20480K)
 Metaspace       used 99357K, committed 100544K, reserved 770048K
  class space    used 13544K, committed 14144K, reserved 638976K
}
Event: 548.086 GC heap before
{Heap before GC invocations=76 (full 0):
 garbage-first heap   total 397312K, used 313031K [0x0000000680000000, 0x0000000800000000)
  region size 4096K, 36 young (147456K), 5 survivors (20480K)
 Metaspace       used 101882K, committed 103104K, reserved 770048K
  class space    used 13905K, committed 14528K, reserved 638976K
}
Event: 548.129 GC heap after
{Heap after GC invocations=77 (full 0):
 garbage-first heap   total 397312K, used 196347K [0x0000000680000000, 0x0000000800000000)
  region size 4096K, 3 young (12288K), 3 survivors (12288K)
 Metaspace       used 101882K, committed 103104K, reserved 770048K
  class space    used 13905K, committed 14528K, reserved 638976K
}
Event: 557.883 GC heap before
{Heap before GC invocations=77 (full 0):
 garbage-first heap   total 397312K, used 315131K [0x0000000680000000, 0x0000000800000000)
  region size 4096K, 33 young (135168K), 3 survivors (12288K)
 Metaspace       used 114367K, committed 115648K, reserved 770048K
  class space    used 15759K, committed 16384K, reserved 638976K
}

