# JRE version: OpenJDK Runtime Environment Temurin-17.0.16+8 (17.0.16+8) (build 17.0.16+8)
# Java VM: OpenJDK 64-Bit Server VM Temurin-17.0.16+8 (17.0.16+8, mixed mode, sharing, tiered, compressed oops, compressed class ptrs, g1 gc, windows-amd64)
GC Precious Log:
 CPUs: 8 total, 8 available
 Memory: 6020M
 Large Page Support: Disabled
 NUMA Support: Disabled
 Compressed Oops: Enabled (Zero based)
 Heap Region Size: 2M
 Heap Min Capacity: 8M
 Heap Initial Capacity: 96M
 Heap Max Capacity: 4G
 Pre-touch: Disabled
 Parallel Workers: 8
 Concurrent Workers: 2
 Concurrent Refinement Workers: 8
 Periodic GC: Disabled
Heap:
 garbage-first heap   total 890880K, used 581353K [0x0000000700000000, 0x0000000800000000)
  region size 2048K, 12 young (24576K), 12 survivors (24576K)
 Metaspace       used 127524K, committed 128448K, reserved 557056K
  class space    used 17193K, committed 17664K, reserved 425984K
GC Heap History (20 events):
Event: 52.009 GC heap after
{Heap after GC invocations=72 (full 0):
 garbage-first heap   total 456704K, used 257727K [0x0000000700000000, 0x0000000800000000)
  region size 2048K, 3 young (6144K), 3 survivors (6144K)
 Metaspace       used 115451K, committed 116288K, reserved 557056K
  class space    used 15293K, committed 15744K, reserved 425984K
}
Event: 54.091 GC heap before
{Heap before GC invocations=72 (full 0):
 garbage-first heap   total 456704K, used 345791K [0x0000000700000000, 0x0000000800000000)
  region size 2048K, 47 young (96256K), 3 survivors (6144K)
 Metaspace       used 121556K, committed 122368K, reserved 557056K
  class space    used 16417K, committed 16832K, reserved 425984K
}
Event: 54.103 GC heap after
{Heap after GC invocations=73 (full 0):
 garbage-first heap   total 456704K, used 274334K [0x0000000700000000, 0x0000000800000000)
  region size 2048K, 6 young (12288K), 6 survivors (12288K)
 Metaspace       used 121556K, committed 122368K, reserved 557056K
  class space    used 16417K, committed 16832K, reserved 425984K
}
Event: 54.631 GC heap before
{Heap before GC invocations=73 (full 0):
 garbage-first heap   total 456704K, used 348062K [0x0000000700000000, 0x0000000800000000)
  region size 2048K, 43 young (88064K), 6 survivors (12288K)
 Metaspace       used 123597K, committed 124480K, reserved 557056K
  class space    used 16801K, committed 17216K, reserved 425984K
}
Event: 54.654 GC heap after
{Heap after GC invocations=74 (full 0):
 garbage-first heap   total 456704K, used 289858K [0x0000000700000000, 0x0000000800000000)
  region size 2048K, 6 young (12288K), 6 survivors (12288K)
 Metaspace       used 123597K, committed 124480K, reserved 557056K
  class space    used 16801K, committed 17216K, reserved 425984K
}
Event: 54.846 GC heap before
{Heap before GC invocations=74 (full 0):
 garbage-first heap   total 456704K, used 361538K [0x0000000700000000, 0x0000000800000000)
  region size 2048K, 41 young (83968K), 6 survivors (12288K)
 Metaspace       used 124092K, committed 124992K, reserved 557056K
  class space    used 16871K, committed 17344K, reserved 425984K
}
Event: 54.873 GC heap after
{Heap after GC invocations=75 (full 0):
 garbage-first heap   total 456704K, used 304714K [0x0000000700000000, 0x0000000800000000)
  region size 2048K, 6 young (12288K), 6 survivors (12288K)
 Metaspace       used 124092K, committed 124992K, reserved 557056K
  class space    used 16871K, committed 17344K, reserved 425984K
}
Event: 55.073 GC heap before
{Heap before GC invocations=75 (full 0):
 garbage-first heap   total 456704K, used 370250K [0x0000000700000000, 0x0000000800000000)
  region size 2048K, 38 young (77824K), 6 survivors (12288K)
 Metaspace       used 124487K, committed 125376K, reserved 557056K
  class space    used 16904K, committed 17344K, reserved 425984K
}
Event: 55.106 GC heap after
{Heap after GC invocations=76 (full 0):
 garbage-first heap   total 456704K, used 320463K [0x0000000700000000, 0x0000000800000000)
  region size 2048K, 5 young (10240K), 5 survivors (10240K)
 Metaspace       used 124487K, committed 125376K, reserved 557056K
  class space    used 16904K, committed 17344K, reserved 425984K
}
Event: 55.315 GC heap before
{Heap before GC invocations=76 (full 0):
 garbage-first heap   total 456704K, used 375759K [0x0000000700000000, 0x0000000800000000)
  region size 2048K, 32 young (65536K), 5 survivors (10240K)
 Metaspace       used 124529K, committed 125376K, reserved 557056K
  class space    used 16908K, committed 17344K, reserved 425984K
}
Event: 55.349 GC heap after
{Heap after GC invocations=77 (full 0):
 garbage-first heap   total 890880K, used 333701K [0x0000000700000000, 0x0000000800000000)
  region size 2048K, 4 young (8192K), 4 survivors (8192K)
 Metaspace       used 124529K, committed 125376K, reserved 557056K
  class space    used 16908K, committed 17344K, reserved 425984K
}
Event: 56.620 GC heap before
{Heap before GC invocations=77 (full 0):
 garbage-first heap   total 890880K, used 653189K [0x0000000700000000, 0x0000000800000000)
  region size 2048K, 158 young (323584K), 4 survivors (8192K)
 Metaspace       used 124770K, committed 125696K, reserved 557056K
  class space    used 16916K, committed 17344K, reserved 425984K
}
Event: 56.753 GC heap after
{Heap after GC invocations=78 (full 0):
 garbage-first heap   total 890880K, used 409286K [0x0000000700000000, 0x0000000800000000)
  region size 2048K, 20 young (40960K), 20 survivors (40960K)
 Metaspace       used 124770K, committed 125696K, reserved 557056K
  class space    used 16916K, committed 17344K, reserved 425984K
}
Event: 57.771 GC heap before
{Heap before GC invocations=78 (full 0):
 garbage-first heap   total 890880K, used 603846K [0x0000000700000000, 0x0000000800000000)
  region size 2048K, 115 young (235520K), 20 survivors (40960K)
 Metaspace       used 124807K, committed 125760K, reserved 557056K
  class space    used 16918K, committed 17408K, reserved 425984K
}
Event: 57.890 GC heap after
{Heap after GC invocations=79 (full 0):
 garbage-first heap   total 890880K, used 454098K [0x0000000700000000, 0x0000000800000000)
  region size 2048K, 15 young (30720K), 15 survivors (30720K)
 Metaspace       used 124807K, committed 125760K, reserved 557056K
  class space    used 16918K, committed 17408K, reserved 425984K
}
Event: 60.904 GC heap before
{Heap before GC invocations=79 (full 0):
 garbage-first heap   total 890880K, used 658898K [0x0000000700000000, 0x0000000800000000)
  region size 2048K, 114 young (233472K), 15 survivors (30720K)
 Metaspace       used 125221K, committed 126144K, reserved 557056K
  class space    used 16938K, committed 17408K, reserved 425984K
}
Event: 60.984 GC heap after
{Heap after GC invocations=80 (full 0):
 garbage-first heap   total 890880K, used 513024K [0x0000000700000000, 0x0000000800000000)
  region size 2048K, 15 young (30720K), 15 survivors (30720K)
 Metaspace       used 125221K, committed 126144K, reserved 557056K
  class space    used 16938K, committed 17408K, reserved 425984K
}
Event: 61.697 GC heap before
{Heap before GC invocations=80 (full 0):
 garbage-first heap   total 890880K, used 683008K [0x0000000700000000, 0x0000000800000000)
  region size 2048K, 99 young (202752K), 15 survivors (30720K)
 Metaspace       used 125398K, committed 126272K, reserved 557056K
  class space    used 16954K, committed 17408K, reserved 425984K
}
Event: 61.760 GC heap after
{Heap after GC invocations=81 (full 0):
 garbage-first heap   total 890880K, used 543744K [0x0000000700000000, 0x0000000800000000)
  region size 2048K, 13 young (26624K), 13 survivors (26624K)
 Metaspace       used 125398K, committed 126272K, reserved 557056K
  class space    used 16954K, committed 17408K, reserved 425984K
}
Event: 63.410 GC heap before
{Heap before GC invocations=81 (full 0):
 garbage-first heap   total 890880K, used 707584K [0x0000000700000000, 0x0000000800000000)
  region size 2048K, 93 young (190464K), 13 survivors (26624K)
 Metaspace       used 127524K, committed 128448K, reserved 557056K
  class space    used 17193K, committed 17664K, reserved 425984K
}

