# JRE version: OpenJDK Runtime Environment Temurin-17.0.16+8 (17.0.16+8) (build 17.0.16+8)
# Java VM: OpenJDK 64-Bit Server VM Temurin-17.0.16+8 (17.0.16+8, mixed mode, sharing, tiered, compressed oops, compressed class ptrs, g1 gc, windows-amd64)
GC Precious Log:
 CPUs: 8 total, 8 available
 Memory: 6020M
 Large Page Support: Disabled
 NUMA Support: Disabled
 Compressed Oops: Enabled (32-bit)
 Heap Region Size: 1M
 Heap Min Capacity: 8M
 Heap Initial Capacity: 96M
 Heap Max Capacity: 1506M
 Pre-touch: Disabled
 Parallel Workers: 8
 Concurrent Workers: 2
 Concurrent Refinement Workers: 8
 Periodic GC: Disabled
Heap:
 garbage-first heap   total 140288K, used 92486K [0x00000000a1e00000, 0x0000000100000000)
  region size 1024K, 3 young (3072K), 3 survivors (3072K)
 Metaspace       used 52946K, committed 53312K, reserved 1114112K
  class space    used 5790K, committed 5952K, reserved 1048576K
GC Heap History (20 events):
Event: 85.016 GC heap after
{Heap after GC invocations=20 (full 0):
 garbage-first heap   total 128000K, used 73052K [0x00000000a1e00000, 0x0000000100000000)
  region size 1024K, 4 young (4096K), 4 survivors (4096K)
 Metaspace       used 49877K, committed 50176K, reserved 1114112K
  class space    used 5527K, committed 5696K, reserved 1048576K
}
Event: 85.278 GC heap before
{Heap before GC invocations=20 (full 0):
 garbage-first heap   total 128000K, used 74076K [0x00000000a1e00000, 0x0000000100000000)
  region size 1024K, 6 young (6144K), 4 survivors (4096K)
 Metaspace       used 50419K, committed 50688K, reserved 1114112K
  class space    used 5589K, committed 5760K, reserved 1048576K
}
Event: 85.289 GC heap after
{Heap after GC invocations=21 (full 0):
 garbage-first heap   total 128000K, used 72785K [0x00000000a1e00000, 0x0000000100000000)
  region size 1024K, 1 young (1024K), 1 survivors (1024K)
 Metaspace       used 50419K, committed 50688K, reserved 1114112K
  class space    used 5589K, committed 5760K, reserved 1048576K
}
Event: 88.664 GC heap before
{Heap before GC invocations=21 (full 0):
 garbage-first heap   total 128000K, used 102481K [0x00000000a1e00000, 0x0000000100000000)
  region size 1024K, 30 young (30720K), 1 survivors (1024K)
 Metaspace       used 50748K, committed 51072K, reserved 1114112K
  class space    used 5596K, committed 5760K, reserved 1048576K
}
Event: 88.696 GC heap after
{Heap after GC invocations=22 (full 0):
 garbage-first heap   total 128000K, used 75627K [0x00000000a1e00000, 0x0000000100000000)
  region size 1024K, 4 young (4096K), 4 survivors (4096K)
 Metaspace       used 50748K, committed 51072K, reserved 1114112K
  class space    used 5596K, committed 5760K, reserved 1048576K
}
Event: 90.313 GC heap before
{Heap before GC invocations=23 (full 0):
 garbage-first heap   total 130048K, used 103275K [0x00000000a1e00000, 0x0000000100000000)
  region size 1024K, 31 young (31744K), 4 survivors (4096K)
 Metaspace       used 50934K, committed 51264K, reserved 1114112K
  class space    used 5596K, committed 5760K, reserved 1048576K
}
Event: 90.328 GC heap after
{Heap after GC invocations=24 (full 0):
 garbage-first heap   total 130048K, used 78165K [0x00000000a1e00000, 0x0000000100000000)
  region size 1024K, 3 young (3072K), 3 survivors (3072K)
 Metaspace       used 50934K, committed 51264K, reserved 1114112K
  class space    used 5596K, committed 5760K, reserved 1048576K
}
Event: 90.391 GC heap before
{Heap before GC invocations=24 (full 0):
 garbage-first heap   total 130048K, used 81237K [0x00000000a1e00000, 0x0000000100000000)
  region size 1024K, 6 young (6144K), 3 survivors (3072K)
 Metaspace       used 50936K, committed 51264K, reserved 1114112K
  class space    used 5596K, committed 5760K, reserved 1048576K
}
Event: 90.404 GC heap after
{Heap after GC invocations=25 (full 0):
 garbage-first heap   total 130048K, used 78340K [0x00000000a1e00000, 0x0000000100000000)
  region size 1024K, 1 young (1024K), 1 survivors (1024K)
 Metaspace       used 50936K, committed 51264K, reserved 1114112K
  class space    used 5596K, committed 5760K, reserved 1048576K
}
Event: 91.656 GC heap before
{Heap before GC invocations=25 (full 0):
 garbage-first heap   total 130048K, used 107012K [0x00000000a1e00000, 0x0000000100000000)
  region size 1024K, 29 young (29696K), 1 survivors (1024K)
 Metaspace       used 51485K, committed 51776K, reserved 1114112K
  class space    used 5674K, committed 5824K, reserved 1048576K
}
Event: 91.666 GC heap after
{Heap after GC invocations=26 (full 0):
 garbage-first heap   total 130048K, used 81612K [0x00000000a1e00000, 0x0000000100000000)
  region size 1024K, 4 young (4096K), 4 survivors (4096K)
 Metaspace       used 51485K, committed 51776K, reserved 1114112K
  class space    used 5674K, committed 5824K, reserved 1048576K
}
Event: 93.693 GC heap before
{Heap before GC invocations=27 (full 0):
 garbage-first heap   total 140288K, used 106188K [0x00000000a1e00000, 0x0000000100000000)
  region size 1024K, 29 young (29696K), 4 survivors (4096K)
 Metaspace       used 51849K, committed 52160K, reserved 1114112K
  class space    used 5707K, committed 5888K, reserved 1048576K
}
Event: 93.706 GC heap after
{Heap after GC invocations=28 (full 0):
 garbage-first heap   total 140288K, used 84534K [0x00000000a1e00000, 0x0000000100000000)
  region size 1024K, 3 young (3072K), 3 survivors (3072K)
 Metaspace       used 51849K, committed 52160K, reserved 1114112K
  class space    used 5707K, committed 5888K, reserved 1048576K
}
Event: 94.015 GC heap before
{Heap before GC invocations=28 (full 0):
 garbage-first heap   total 140288K, used 87606K [0x00000000a1e00000, 0x0000000100000000)
  region size 1024K, 6 young (6144K), 3 survivors (3072K)
 Metaspace       used 51911K, committed 52224K, reserved 1114112K
  class space    used 5707K, committed 5888K, reserved 1048576K
}
Event: 94.028 GC heap after
{Heap after GC invocations=29 (full 0):
 garbage-first heap   total 140288K, used 84515K [0x00000000a1e00000, 0x0000000100000000)
  region size 1024K, 1 young (1024K), 1 survivors (1024K)
 Metaspace       used 51911K, committed 52224K, reserved 1114112K
  class space    used 5707K, committed 5888K, reserved 1048576K
}
Event: 97.010 GC heap before
{Heap before GC invocations=29 (full 0):
 garbage-first heap   total 140288K, used 115235K [0x00000000a1e00000, 0x0000000100000000)
  region size 1024K, 31 young (31744K), 1 survivors (1024K)
 Metaspace       used 52419K, committed 52736K, reserved 1114112K
  class space    used 5746K, committed 5888K, reserved 1048576K
}
Event: 97.019 GC heap after
{Heap after GC invocations=30 (full 0):
 garbage-first heap   total 140288K, used 87094K [0x00000000a1e00000, 0x0000000100000000)
  region size 1024K, 4 young (4096K), 4 survivors (4096K)
 Metaspace       used 52419K, committed 52736K, reserved 1114112K
  class space    used 5746K, committed 5888K, reserved 1048576K
}
Event: 98.305 GC heap before
{Heap before GC invocations=30 (full 0):
 garbage-first heap   total 140288K, used 116790K [0x00000000a1e00000, 0x0000000100000000)
  region size 1024K, 32 young (32768K), 4 survivors (4096K)
 Metaspace       used 52728K, committed 53120K, reserved 1114112K
  class space    used 5778K, committed 5952K, reserved 1048576K
}
Event: 98.325 GC heap after
{Heap after GC invocations=31 (full 0):
 garbage-first heap   total 140288K, used 91250K [0x00000000a1e00000, 0x0000000100000000)
  region size 1024K, 4 young (4096K), 4 survivors (4096K)
 Metaspace       used 52728K, committed 53120K, reserved 1114112K
  class space    used 5778K, committed 5952K, reserved 1048576K
}
Event: 100.148 GC heap before
{Heap before GC invocations=31 (full 0):
 garbage-first heap   total 140288K, used 116850K [0x00000000a1e00000, 0x0000000100000000)
  region size 1024K, 29 young (29696K), 4 survivors (4096K)
 Metaspace       used 52946K, committed 53312K, reserved 1114112K
  class space    used 5790K, committed 5952K, reserved 1048576K
}

