# JRE version: OpenJDK Runtime Environment Temurin-17.0.16+8 (17.0.16+8) (build 17.0.16+8)
# Java VM: OpenJDK 64-Bit Server VM Temurin-17.0.16+8 (17.0.16+8, mixed mode, sharing, tiered, compressed oops, compressed class ptrs, g1 gc, windows-amd64)
GC Precious Log:
 CPUs: 8 total, 8 available
 Memory: 6020M
 Large Page Support: Disabled
 NUMA Support: Disabled
 Compressed Oops: Enabled (Zero based)
 Heap Region Size: 2M
 Heap Min Capacity: 8M
 Heap Initial Capacity: 96M
 Heap Max Capacity: 4G
 Pre-touch: Disabled
 Parallel Workers: 8
 Concurrent Workers: 2
 Concurrent Refinement Workers: 8
 Periodic GC: Disabled
Heap:
 garbage-first heap   total 337920K, used 162868K [0x0000000700000000, 0x0000000800000000)
  region size 2048K, 1 young (2048K), 1 survivors (2048K)
 Metaspace       used 108650K, committed 109632K, reserved 557056K
  class space    used 14699K, committed 15168K, reserved 425984K
GC Heap History (20 events):
Event: 286.084 GC heap after
{Heap after GC invocations=68 (full 0):
 garbage-first heap   total 251904K, used 154470K [0x0000000700000000, 0x0000000800000000)
  region size 2048K, 1 young (2048K), 1 survivors (2048K)
 Metaspace       used 97388K, committed 98304K, reserved 557056K
  class space    used 13426K, committed 13888K, reserved 425984K
}
Event: 289.744 GC heap before
{Heap before GC invocations=68 (full 0):
 garbage-first heap   total 251904K, used 209766K [0x0000000700000000, 0x0000000800000000)
  region size 2048K, 27 young (55296K), 1 survivors (2048K)
 Metaspace       used 99282K, committed 100224K, reserved 557056K
  class space    used 13682K, committed 14144K, reserved 425984K
}
Event: 289.748 GC heap after
{Heap after GC invocations=69 (full 0):
 garbage-first heap   total 251904K, used 154958K [0x0000000700000000, 0x0000000800000000)
  region size 2048K, 1 young (2048K), 1 survivors (2048K)
 Metaspace       used 99282K, committed 100224K, reserved 557056K
  class space    used 13682K, committed 14144K, reserved 425984K
}
Event: 294.214 GC heap before
{Heap before GC invocations=69 (full 0):
 garbage-first heap   total 251904K, used 212302K [0x0000000700000000, 0x0000000800000000)
  region size 2048K, 28 young (57344K), 1 survivors (2048K)
 Metaspace       used 104873K, committed 105792K, reserved 557056K
  class space    used 14333K, committed 14784K, reserved 425984K
}
Event: 294.231 GC heap after
{Heap after GC invocations=70 (full 0):
 garbage-first heap   total 251904K, used 174912K [0x0000000700000000, 0x0000000800000000)
  region size 2048K, 4 young (8192K), 4 survivors (8192K)
 Metaspace       used 104873K, committed 105792K, reserved 557056K
  class space    used 14333K, committed 14784K, reserved 425984K
}
Event: 296.793 GC heap before
{Heap before GC invocations=70 (full 0):
 garbage-first heap   total 251904K, used 207680K [0x0000000700000000, 0x0000000800000000)
  region size 2048K, 20 young (40960K), 4 survivors (8192K)
 Metaspace       used 107357K, committed 108352K, reserved 557056K
  class space    used 14569K, committed 15040K, reserved 425984K
}
Event: 296.807 GC heap after
{Heap after GC invocations=71 (full 0):
 garbage-first heap   total 251904K, used 179942K [0x0000000700000000, 0x0000000800000000)
  region size 2048K, 3 young (6144K), 3 survivors (6144K)
 Metaspace       used 107357K, committed 108352K, reserved 557056K
  class space    used 14569K, committed 15040K, reserved 425984K
}
Event: 299.058 GC heap before
{Heap before GC invocations=71 (full 0):
 garbage-first heap   total 251904K, used 208614K [0x0000000700000000, 0x0000000800000000)
  region size 2048K, 17 young (34816K), 3 survivors (6144K)
 Metaspace       used 108448K, committed 109440K, reserved 557056K
  class space    used 14663K, committed 15104K, reserved 425984K
}
Event: 299.067 GC heap after
{Heap after GC invocations=72 (full 0):
 garbage-first heap   total 251904K, used 180959K [0x0000000700000000, 0x0000000800000000)
  region size 2048K, 2 young (4096K), 2 survivors (4096K)
 Metaspace       used 108448K, committed 109440K, reserved 557056K
  class space    used 14663K, committed 15104K, reserved 425984K
}
Event: 299.273 GC heap before
{Heap before GC invocations=72 (full 0):
 garbage-first heap   total 251904K, used 207583K [0x0000000700000000, 0x0000000800000000)
  region size 2048K, 16 young (32768K), 2 survivors (4096K)
 Metaspace       used 108463K, committed 109440K, reserved 557056K
  class space    used 14663K, committed 15104K, reserved 425984K
}
Event: 299.285 GC heap after
{Heap after GC invocations=73 (full 0):
 garbage-first heap   total 251904K, used 186811K [0x0000000700000000, 0x0000000800000000)
  region size 2048K, 2 young (4096K), 2 survivors (4096K)
 Metaspace       used 108463K, committed 109440K, reserved 557056K
  class space    used 14663K, committed 15104K, reserved 425984K
}
Event: 299.461 GC heap before
{Heap before GC invocations=73 (full 0):
 garbage-first heap   total 251904K, used 209339K [0x0000000700000000, 0x0000000800000000)
  region size 2048K, 14 young (28672K), 2 survivors (4096K)
 Metaspace       used 108465K, committed 109440K, reserved 557056K
  class space    used 14663K, committed 15104K, reserved 425984K
}
Event: 299.471 GC heap after
{Heap after GC invocations=74 (full 0):
 garbage-first heap   total 251904K, used 191843K [0x0000000700000000, 0x0000000800000000)
  region size 2048K, 2 young (4096K), 2 survivors (4096K)
 Metaspace       used 108465K, committed 109440K, reserved 557056K
  class space    used 14663K, committed 15104K, reserved 425984K
}
Event: 299.843 GC heap before
{Heap before GC invocations=74 (full 0):
 garbage-first heap   total 251904K, used 212323K [0x0000000700000000, 0x0000000800000000)
  region size 2048K, 12 young (24576K), 2 survivors (4096K)
 Metaspace       used 108582K, committed 109568K, reserved 557056K
  class space    used 14671K, committed 15104K, reserved 425984K
}
Event: 299.852 GC heap after
{Heap after GC invocations=75 (full 0):
 garbage-first heap   total 251904K, used 195635K [0x0000000700000000, 0x0000000800000000)
  region size 2048K, 2 young (4096K), 2 survivors (4096K)
 Metaspace       used 108582K, committed 109568K, reserved 557056K
  class space    used 14671K, committed 15104K, reserved 425984K
}
Event: 300.115 GC heap before
{Heap before GC invocations=75 (full 0):
 garbage-first heap   total 251904K, used 214067K [0x0000000700000000, 0x0000000800000000)
  region size 2048K, 11 young (22528K), 2 survivors (4096K)
 Metaspace       used 108584K, committed 109568K, reserved 557056K
  class space    used 14671K, committed 15104K, reserved 425984K
}
Event: 300.122 GC heap after
{Heap after GC invocations=76 (full 0):
 garbage-first heap   total 251904K, used 197214K [0x0000000700000000, 0x0000000800000000)
  region size 2048K, 2 young (4096K), 2 survivors (4096K)
 Metaspace       used 108584K, committed 109568K, reserved 557056K
  class space    used 14671K, committed 15104K, reserved 425984K
}
Event: 300.700 GC heap before
{Heap before GC invocations=77 (full 0):
 garbage-first heap   total 337920K, used 201310K [0x0000000700000000, 0x0000000800000000)
  region size 2048K, 10 young (20480K), 2 survivors (4096K)
 Metaspace       used 108404K, committed 109632K, reserved 557056K
  class space    used 14667K, committed 15168K, reserved 425984K
}
Event: 300.714 GC heap after
{Heap after GC invocations=78 (full 0):
 garbage-first heap   total 337920K, used 194230K [0x0000000700000000, 0x0000000800000000)
  region size 2048K, 2 young (4096K), 2 survivors (4096K)
 Metaspace       used 108404K, committed 109632K, reserved 557056K
  class space    used 14667K, committed 15168K, reserved 425984K
}
Event: 304.171 GC heap before
{Heap before GC invocations=78 (full 0):
 garbage-first heap   total 337920K, used 204470K [0x0000000700000000, 0x0000000800000000)
  region size 2048K, 8 young (16384K), 2 survivors (4096K)
 Metaspace       used 108650K, committed 109632K, reserved 557056K
  class space    used 14699K, committed 15168K, reserved 425984K
}

