# JRE version: OpenJDK Runtime Environment (21.0.7) (build 21.0.7+-13880790-b1038.58)
# Java VM: OpenJDK 64-Bit Server VM (21.0.7+-13880790-b1038.58, mixed mode, tiered, compressed oops, compressed class ptrs, g1 gc, windows-amd64)
GC Precious Log:
 CardTable entry size: 512
 Card Set container configuration: InlinePtr #cards 4 size 8 Array Of Cards #cards 16 size 48 Howl #buckets 8 coarsen threshold 3686 Howl Bitmap #cards 512 size 80 coarsen threshold 460 Card regions per heap region 1 cards per card region 4096
 CPUs: 8 total, 8 available
 Memory: 6020M
 Large Page Support: Disabled
 NUMA Support: Disabled
 Compressed Oops: Enabled (Zero based)
 Heap Region Size: 2M
 Heap Min Capacity: 8M
 Heap Initial Capacity: 96M
 Heap Max Capacity: 4G
 Pre-touch: Disabled
 Parallel Workers: 8
 Concurrent Workers: 2
 Concurrent Refinement Workers: 8
 Periodic GC: Disabled
Heap:
 garbage-first heap   total 96256K, used 55604K [0x0000000700000000, 0x0000000800000000)
  region size 2048K, 8 young (16384K), 1 survivors (2048K)
 Metaspace       used 60086K, committed 61632K, reserved 1114112K
  class space    used 8307K, committed 9088K, reserved 1048576K
GC Heap History (20 events):
Event: 3.640 GC heap before
{Heap before GC invocations=2 (full 0):
 garbage-first heap   total 98304K, used 56766K [0x0000000700000000, 0x0000000800000000)
  region size 2048K, 25 young (51200K), 1 survivors (2048K)
 Metaspace       used 21204K, committed 21504K, reserved 1114112K
  class space    used 2463K, committed 2624K, reserved 1048576K
}
Event: 3.648 GC heap after
{Heap after GC invocations=3 (full 0):
 garbage-first heap   total 98304K, used 19269K [0x0000000700000000, 0x0000000800000000)
  region size 2048K, 4 young (8192K), 4 survivors (8192K)
 Metaspace       used 21204K, committed 21504K, reserved 1114112K
  class space    used 2463K, committed 2624K, reserved 1048576K
}
Event: 4.807 GC heap before
{Heap before GC invocations=4 (full 0):
 garbage-first heap   total 69632K, used 64325K [0x0000000700000000, 0x0000000800000000)
  region size 2048K, 26 young (53248K), 4 survivors (8192K)
 Metaspace       used 28742K, committed 29312K, reserved 1114112K
  class space    used 3699K, committed 3968K, reserved 1048576K
}
Event: 4.816 GC heap after
{Heap after GC invocations=5 (full 0):
 garbage-first heap   total 77824K, used 22196K [0x0000000700000000, 0x0000000800000000)
  region size 2048K, 2 young (4096K), 2 survivors (4096K)
 Metaspace       used 28742K, committed 29312K, reserved 1114112K
  class space    used 3699K, committed 3968K, reserved 1048576K
}
Event: 5.988 GC heap before
{Heap before GC invocations=5 (full 0):
 garbage-first heap   total 77824K, used 54964K [0x0000000700000000, 0x0000000800000000)
  region size 2048K, 19 young (38912K), 2 survivors (4096K)
 Metaspace       used 33672K, committed 34432K, reserved 1114112K
  class space    used 4529K, committed 4864K, reserved 1048576K
}
Event: 5.992 GC heap after
{Heap after GC invocations=6 (full 0):
 garbage-first heap   total 77824K, used 24179K [0x0000000700000000, 0x0000000800000000)
  region size 2048K, 3 young (6144K), 3 survivors (6144K)
 Metaspace       used 33672K, committed 34432K, reserved 1114112K
  class space    used 4529K, committed 4864K, reserved 1048576K
}
Event: 6.251 GC heap before
{Heap before GC invocations=6 (full 0):
 garbage-first heap   total 77824K, used 34419K [0x0000000700000000, 0x0000000800000000)
  region size 2048K, 9 young (18432K), 3 survivors (6144K)
 Metaspace       used 35109K, committed 35968K, reserved 1114112K
  class space    used 4803K, committed 5248K, reserved 1048576K
}
Event: 6.257 GC heap after
{Heap after GC invocations=7 (full 0):
 garbage-first heap   total 77824K, used 25200K [0x0000000700000000, 0x0000000800000000)
  region size 2048K, 2 young (4096K), 2 survivors (4096K)
 Metaspace       used 35109K, committed 35968K, reserved 1114112K
  class space    used 4803K, committed 5248K, reserved 1048576K
}
Event: 7.081 GC heap before
{Heap before GC invocations=8 (full 0):
 garbage-first heap   total 77824K, used 62064K [0x0000000700000000, 0x0000000800000000)
  region size 2048K, 20 young (40960K), 2 survivors (4096K)
 Metaspace       used 40679K, committed 41856K, reserved 1114112K
  class space    used 5726K, committed 6272K, reserved 1048576K
}
Event: 7.086 GC heap after
{Heap after GC invocations=9 (full 0):
 garbage-first heap   total 77824K, used 27692K [0x0000000700000000, 0x0000000800000000)
  region size 2048K, 3 young (6144K), 3 survivors (6144K)
 Metaspace       used 40679K, committed 41856K, reserved 1114112K
  class space    used 5726K, committed 6272K, reserved 1048576K
}
Event: 7.636 GC heap before
{Heap before GC invocations=9 (full 0):
 garbage-first heap   total 77824K, used 62508K [0x0000000700000000, 0x0000000800000000)
  region size 2048K, 21 young (43008K), 3 survivors (6144K)
 Metaspace       used 46201K, committed 47360K, reserved 1114112K
  class space    used 6293K, committed 6848K, reserved 1048576K
}
Event: 7.644 GC heap after
{Heap after GC invocations=10 (full 0):
 garbage-first heap   total 77824K, used 31192K [0x0000000700000000, 0x0000000800000000)
  region size 2048K, 3 young (6144K), 3 survivors (6144K)
 Metaspace       used 46201K, committed 47360K, reserved 1114112K
  class space    used 6293K, committed 6848K, reserved 1048576K
}
Event: 8.327 GC heap before
{Heap before GC invocations=10 (full 0):
 garbage-first heap   total 77824K, used 66008K [0x0000000700000000, 0x0000000800000000)
  region size 2048K, 19 young (38912K), 3 survivors (6144K)
 Metaspace       used 49955K, committed 51264K, reserved 1114112K
  class space    used 6758K, committed 7360K, reserved 1048576K
}
Event: 8.334 GC heap after
{Heap after GC invocations=11 (full 0):
 garbage-first heap   total 96256K, used 35547K [0x0000000700000000, 0x0000000800000000)
  region size 2048K, 2 young (4096K), 2 survivors (4096K)
 Metaspace       used 49955K, committed 51264K, reserved 1114112K
  class space    used 6758K, committed 7360K, reserved 1048576K
}
Event: 9.250 GC heap before
{Heap before GC invocations=11 (full 0):
 garbage-first heap   total 96256K, used 80603K [0x0000000700000000, 0x0000000800000000)
  region size 2048K, 23 young (47104K), 2 survivors (4096K)
 Metaspace       used 53462K, committed 54848K, reserved 1114112K
  class space    used 7304K, committed 7936K, reserved 1048576K
}
Event: 9.255 GC heap after
{Heap after GC invocations=12 (full 0):
 garbage-first heap   total 96256K, used 41781K [0x0000000700000000, 0x0000000800000000)
  region size 2048K, 3 young (6144K), 3 survivors (6144K)
 Metaspace       used 53462K, committed 54848K, reserved 1114112K
  class space    used 7304K, committed 7936K, reserved 1048576K
}
Event: 10.117 GC heap before
{Heap before GC invocations=12 (full 0):
 garbage-first heap   total 96256K, used 76597K [0x0000000700000000, 0x0000000800000000)
  region size 2048K, 21 young (43008K), 3 survivors (6144K)
 Metaspace       used 58459K, committed 59968K, reserved 1114112K
  class space    used 8031K, committed 8768K, reserved 1048576K
}
Event: 10.123 GC heap after
{Heap after GC invocations=13 (full 0):
 garbage-first heap   total 96256K, used 43469K [0x0000000700000000, 0x0000000800000000)
  region size 2048K, 1 young (2048K), 1 survivors (2048K)
 Metaspace       used 58459K, committed 59968K, reserved 1114112K
  class space    used 8031K, committed 8768K, reserved 1048576K
}
Event: 10.173 GC heap before
{Heap before GC invocations=13 (full 0):
 garbage-first heap   total 96256K, used 43469K [0x0000000700000000, 0x0000000800000000)
  region size 2048K, 2 young (4096K), 1 survivors (2048K)
 Metaspace       used 58649K, committed 60160K, reserved 1114112K
  class space    used 8072K, committed 8832K, reserved 1048576K
}
Event: 10.176 GC heap after
{Heap after GC invocations=14 (full 0):
 garbage-first heap   total 96256K, used 43316K [0x0000000700000000, 0x0000000800000000)
  region size 2048K, 1 young (2048K), 1 survivors (2048K)
 Metaspace       used 58649K, committed 60160K, reserved 1114112K
  class space    used 8072K, committed 8832K, reserved 1048576K
}

