# JRE version: OpenJDK Runtime Environment Temurin-17.0.16+8 (17.0.16+8) (build 17.0.16+8)
# Java VM: OpenJDK 64-Bit Server VM Temurin-17.0.16+8 (17.0.16+8, mixed mode, sharing, tiered, compressed oops, compressed class ptrs, g1 gc, windows-amd64)
GC Precious Log:
 CPUs: 8 total, 8 available
 Memory: 6020M
 Large Page Support: Disabled
 NUMA Support: Disabled
 Compressed Oops: Enabled (32-bit)
 Heap Region Size: 1M
 Heap Min Capacity: 8M
 Heap Initial Capacity: 96M
 Heap Max Capacity: 1506M
 Pre-touch: Disabled
 Parallel Workers: 8
 Concurrent Workers: 2
 Concurrent Refinement Workers: 8
 Periodic GC: Disabled
Heap:
 garbage-first heap   total 312320K, used 186219K [0x00000000a1e00000, 0x0000000100000000)
  region size 1024K, 5 young (5120K), 5 survivors (5120K)
 Metaspace       used 56027K, committed 56320K, reserved 1114112K
  class space    used 5922K, committed 6080K, reserved 1048576K
GC Heap History (20 events):
Event: 180.603 GC heap after
{Heap after GC invocations=55 (full 0):
 garbage-first heap   total 305152K, used 153777K [0x00000000a1e00000, 0x0000000100000000)
  region size 1024K, 2 young (2048K), 2 survivors (2048K)
 Metaspace       used 54905K, committed 55232K, reserved 1114112K
  class space    used 5860K, committed 6016K, reserved 1048576K
}
Event: 184.564 GC heap before
{Heap before GC invocations=55 (full 0):
 garbage-first heap   total 305152K, used 253105K [0x00000000a1e00000, 0x0000000100000000)
  region size 1024K, 99 young (101376K), 2 survivors (2048K)
 Metaspace       used 55004K, committed 55296K, reserved 1114112K
  class space    used 5862K, committed 6016K, reserved 1048576K
}
Event: 184.574 GC heap after
{Heap after GC invocations=56 (full 0):
 garbage-first heap   total 305152K, used 158107K [0x00000000a1e00000, 0x0000000100000000)
  region size 1024K, 6 young (6144K), 6 survivors (6144K)
 Metaspace       used 55004K, committed 55296K, reserved 1114112K
  class space    used 5862K, committed 6016K, reserved 1048576K
}
Event: 188.000 GC heap before
{Heap before GC invocations=57 (full 0):
 garbage-first heap   total 305152K, used 253339K [0x00000000a1e00000, 0x0000000100000000)
  region size 1024K, 101 young (103424K), 6 survivors (6144K)
 Metaspace       used 55105K, committed 55424K, reserved 1114112K
  class space    used 5872K, committed 6016K, reserved 1048576K
}
Event: 188.016 GC heap after
{Heap after GC invocations=58 (full 0):
 garbage-first heap   total 305152K, used 162342K [0x00000000a1e00000, 0x0000000100000000)
  region size 1024K, 12 young (12288K), 12 survivors (12288K)
 Metaspace       used 55105K, committed 55424K, reserved 1114112K
  class space    used 5872K, committed 6016K, reserved 1048576K
}
Event: 188.064 GC heap before
{Heap before GC invocations=58 (full 0):
 garbage-first heap   total 305152K, used 164390K [0x00000000a1e00000, 0x0000000100000000)
  region size 1024K, 14 young (14336K), 12 survivors (12288K)
 Metaspace       used 55112K, committed 55424K, reserved 1114112K
  class space    used 5872K, committed 6016K, reserved 1048576K
}
Event: 188.116 GC heap after
{Heap after GC invocations=59 (full 0):
 garbage-first heap   total 305152K, used 162761K [0x00000000a1e00000, 0x0000000100000000)
  region size 1024K, 2 young (2048K), 2 survivors (2048K)
 Metaspace       used 55112K, committed 55424K, reserved 1114112K
  class space    used 5872K, committed 6016K, reserved 1048576K
}
Event: 191.108 GC heap before
{Heap before GC invocations=59 (full 0):
 garbage-first heap   total 305152K, used 255945K [0x00000000a1e00000, 0x0000000100000000)
  region size 1024K, 93 young (95232K), 2 survivors (2048K)
 Metaspace       used 55215K, committed 55488K, reserved 1114112K
  class space    used 5878K, committed 6016K, reserved 1048576K
}
Event: 191.117 GC heap after
{Heap after GC invocations=60 (full 0):
 garbage-first heap   total 305152K, used 166980K [0x00000000a1e00000, 0x0000000100000000)
  region size 1024K, 6 young (6144K), 6 survivors (6144K)
 Metaspace       used 55215K, committed 55488K, reserved 1114112K
  class space    used 5878K, committed 6016K, reserved 1048576K
}
Event: 193.521 GC heap before
{Heap before GC invocations=61 (full 0):
 garbage-first heap   total 312320K, used 257092K [0x00000000a1e00000, 0x0000000100000000)
  region size 1024K, 94 young (96256K), 6 survivors (6144K)
 Metaspace       used 55303K, committed 55616K, reserved 1114112K
  class space    used 5878K, committed 6016K, reserved 1048576K
}
Event: 193.533 GC heap after
{Heap after GC invocations=62 (full 0):
 garbage-first heap   total 312320K, used 170696K [0x00000000a1e00000, 0x0000000100000000)
  region size 1024K, 10 young (10240K), 10 survivors (10240K)
 Metaspace       used 55303K, committed 55616K, reserved 1114112K
  class space    used 5878K, committed 6016K, reserved 1048576K
}
Event: 193.624 GC heap before
{Heap before GC invocations=62 (full 0):
 garbage-first heap   total 312320K, used 175816K [0x00000000a1e00000, 0x0000000100000000)
  region size 1024K, 15 young (15360K), 10 survivors (10240K)
 Metaspace       used 55305K, committed 55616K, reserved 1114112K
  class space    used 5878K, committed 6016K, reserved 1048576K
}
Event: 193.656 GC heap after
{Heap after GC invocations=63 (full 0):
 garbage-first heap   total 312320K, used 171154K [0x00000000a1e00000, 0x0000000100000000)
  region size 1024K, 2 young (2048K), 2 survivors (2048K)
 Metaspace       used 55305K, committed 55616K, reserved 1114112K
  class space    used 5878K, committed 6016K, reserved 1048576K
}
Event: 198.111 GC heap before
{Heap before GC invocations=63 (full 0):
 garbage-first heap   total 312320K, used 264338K [0x00000000a1e00000, 0x0000000100000000)
  region size 1024K, 93 young (95232K), 2 survivors (2048K)
 Metaspace       used 55381K, committed 55680K, reserved 1114112K
  class space    used 5880K, committed 6016K, reserved 1048576K
}
Event: 198.123 GC heap after
{Heap after GC invocations=64 (full 0):
 garbage-first heap   total 312320K, used 175491K [0x00000000a1e00000, 0x0000000100000000)
  region size 1024K, 6 young (6144K), 6 survivors (6144K)
 Metaspace       used 55381K, committed 55680K, reserved 1114112K
  class space    used 5880K, committed 6016K, reserved 1048576K
}
Event: 202.660 GC heap before
{Heap before GC invocations=65 (full 0):
 garbage-first heap   total 312320K, used 264579K [0x00000000a1e00000, 0x0000000100000000)
  region size 1024K, 93 young (95232K), 6 survivors (6144K)
 Metaspace       used 55463K, committed 55744K, reserved 1114112K
  class space    used 5884K, committed 6016K, reserved 1048576K
}
Event: 202.673 GC heap after
{Heap after GC invocations=66 (full 0):
 garbage-first heap   total 312320K, used 181859K [0x00000000a1e00000, 0x0000000100000000)
  region size 1024K, 12 young (12288K), 12 survivors (12288K)
 Metaspace       used 55463K, committed 55744K, reserved 1114112K
  class space    used 5884K, committed 6016K, reserved 1048576K
}
Event: 202.797 GC heap before
{Heap before GC invocations=66 (full 0):
 garbage-first heap   total 312320K, used 184931K [0x00000000a1e00000, 0x0000000100000000)
  region size 1024K, 15 young (15360K), 12 survivors (12288K)
 Metaspace       used 55463K, committed 55744K, reserved 1114112K
  class space    used 5884K, committed 6016K, reserved 1048576K
}
Event: 202.833 GC heap after
{Heap after GC invocations=67 (full 0):
 garbage-first heap   total 312320K, used 183167K [0x00000000a1e00000, 0x0000000100000000)
  region size 1024K, 2 young (2048K), 2 survivors (2048K)
 Metaspace       used 55463K, committed 55744K, reserved 1114112K
  class space    used 5884K, committed 6016K, reserved 1048576K
}
Event: 205.435 GC heap before
{Heap before GC invocations=67 (full 0):
 garbage-first heap   total 312320K, used 265087K [0x00000000a1e00000, 0x0000000100000000)
  region size 1024K, 82 young (83968K), 2 survivors (2048K)
 Metaspace       used 56027K, committed 56320K, reserved 1114112K
  class space    used 5922K, committed 6080K, reserved 1048576K
}

