# JRE version: OpenJDK Runtime Environment Temurin-17.0.16+8 (17.0.16+8) (build 17.0.16+8)
# Java VM: OpenJDK 64-Bit Server VM Temurin-17.0.16+8 (17.0.16+8, mixed mode, sharing, tiered, compressed oops, compressed class ptrs, g1 gc, windows-amd64)
GC Precious Log:
 CPUs: 8 total, 8 available
 Memory: 6020M
 Large Page Support: Disabled
 NUMA Support: Disabled
 Compressed Oops: Enabled (Zero based)
 Heap Region Size: 4M
 Heap Min Capacity: 8M
 Heap Initial Capacity: 96M
 Heap Max Capacity: 6G
 Pre-touch: Disabled
 Parallel Workers: 8
 Concurrent Workers: 2
 Concurrent Refinement Workers: 8
 Periodic GC: Disabled
Heap:
 garbage-first heap   total 630784K, used 419981K [0x0000000680000000, 0x0000000800000000)
  region size 4096K, 45 young (184320K), 2 survivors (8192K)
 Metaspace       used 110110K, committed 110912K, reserved 770048K
  class space    used 15400K, committed 15808K, reserved 638976K
GC Heap History (20 events):
Event: 76.025 GC heap before
{Heap before GC invocations=71 (full 0):
 garbage-first heap   total 524288K, used 449698K [0x0000000680000000, 0x0000000800000000)
  region size 4096K, 63 young (258048K), 4 survivors (16384K)
 Metaspace       used 108411K, committed 109248K, reserved 770048K
  class space    used 15230K, committed 15680K, reserved 638976K
}
Event: 76.054 GC heap after
{Heap after GC invocations=72 (full 0):
 garbage-first heap   total 524288K, used 210760K [0x0000000680000000, 0x0000000800000000)
  region size 4096K, 4 young (16384K), 4 survivors (16384K)
 Metaspace       used 108411K, committed 109248K, reserved 770048K
  class space    used 15230K, committed 15680K, reserved 638976K
}
Event: 77.344 GC heap before
{Heap before GC invocations=72 (full 0):
 garbage-first heap   total 524288K, used 452424K [0x0000000680000000, 0x0000000800000000)
  region size 4096K, 63 young (258048K), 4 survivors (16384K)
 Metaspace       used 108415K, committed 109248K, reserved 770048K
  class space    used 15230K, committed 15680K, reserved 638976K
}
Event: 77.358 GC heap after
{Heap after GC invocations=73 (full 0):
 garbage-first heap   total 524288K, used 209979K [0x0000000680000000, 0x0000000800000000)
  region size 4096K, 4 young (16384K), 4 survivors (16384K)
 Metaspace       used 108415K, committed 109248K, reserved 770048K
  class space    used 15230K, committed 15680K, reserved 638976K
}
Event: 78.529 GC heap before
{Heap before GC invocations=73 (full 0):
 garbage-first heap   total 524288K, used 451643K [0x0000000680000000, 0x0000000800000000)
  region size 4096K, 63 young (258048K), 4 survivors (16384K)
 Metaspace       used 108444K, committed 109248K, reserved 770048K
  class space    used 15235K, committed 15680K, reserved 638976K
}
Event: 78.549 GC heap after
{Heap after GC invocations=74 (full 0):
 garbage-first heap   total 524288K, used 214067K [0x0000000680000000, 0x0000000800000000)
  region size 4096K, 5 young (20480K), 5 survivors (20480K)
 Metaspace       used 108444K, committed 109248K, reserved 770048K
  class space    used 15235K, committed 15680K, reserved 638976K
}
Event: 79.931 GC heap before
{Heap before GC invocations=74 (full 0):
 garbage-first heap   total 524288K, used 447539K [0x0000000680000000, 0x0000000800000000)
  region size 4096K, 62 young (253952K), 5 survivors (20480K)
 Metaspace       used 108782K, committed 109632K, reserved 770048K
  class space    used 15296K, committed 15744K, reserved 638976K
}
Event: 79.957 GC heap after
{Heap after GC invocations=75 (full 0):
 garbage-first heap   total 524288K, used 217540K [0x0000000680000000, 0x0000000800000000)
  region size 4096K, 5 young (20480K), 5 survivors (20480K)
 Metaspace       used 108782K, committed 109632K, reserved 770048K
  class space    used 15296K, committed 15744K, reserved 638976K
}
Event: 81.435 GC heap before
{Heap before GC invocations=75 (full 0):
 garbage-first heap   total 524288K, used 446916K [0x0000000680000000, 0x0000000800000000)
  region size 4096K, 61 young (249856K), 5 survivors (20480K)
 Metaspace       used 109093K, committed 109888K, reserved 770048K
  class space    used 15317K, committed 15744K, reserved 638976K
}
Event: 81.469 GC heap after
{Heap after GC invocations=76 (full 0):
 garbage-first heap   total 524288K, used 227154K [0x0000000680000000, 0x0000000800000000)
  region size 4096K, 7 young (28672K), 7 survivors (28672K)
 Metaspace       used 109093K, committed 109888K, reserved 770048K
  class space    used 15317K, committed 15744K, reserved 638976K
}
Event: 83.340 GC heap before
{Heap before GC invocations=76 (full 0):
 garbage-first heap   total 524288K, used 436050K [0x0000000680000000, 0x0000000800000000)
  region size 4096K, 59 young (241664K), 7 survivors (28672K)
 Metaspace       used 109139K, committed 109888K, reserved 770048K
  class space    used 15323K, committed 15744K, reserved 638976K
}
Event: 83.608 GC heap after
{Heap after GC invocations=77 (full 0):
 garbage-first heap   total 630784K, used 234442K [0x0000000680000000, 0x0000000800000000)
  region size 4096K, 6 young (24576K), 6 survivors (24576K)
 Metaspace       used 109139K, committed 109888K, reserved 770048K
  class space    used 15323K, committed 15744K, reserved 638976K
}
Event: 86.394 GC heap before
{Heap before GC invocations=77 (full 0):
 garbage-first heap   total 630784K, used 529354K [0x0000000680000000, 0x0000000800000000)
  region size 4096K, 79 young (323584K), 6 survivors (24576K)
 Metaspace       used 109302K, committed 110144K, reserved 770048K
  class space    used 15328K, committed 15744K, reserved 638976K
}
Event: 86.417 GC heap after
{Heap after GC invocations=78 (full 0):
 garbage-first heap   total 630784K, used 239864K [0x0000000680000000, 0x0000000800000000)
  region size 4096K, 7 young (28672K), 7 survivors (28672K)
 Metaspace       used 109302K, committed 110144K, reserved 770048K
  class space    used 15328K, committed 15744K, reserved 638976K
}
Event: 88.757 GC heap before
{Heap before GC invocations=78 (full 0):
 garbage-first heap   total 630784K, used 518392K [0x0000000680000000, 0x0000000800000000)
  region size 4096K, 76 young (311296K), 7 survivors (28672K)
 Metaspace       used 109454K, committed 110208K, reserved 770048K
  class space    used 15331K, committed 15744K, reserved 638976K
}
Event: 88.789 GC heap after
{Heap after GC invocations=79 (full 0):
 garbage-first heap   total 630784K, used 253799K [0x0000000680000000, 0x0000000800000000)
  region size 4096K, 8 young (32768K), 8 survivors (32768K)
 Metaspace       used 109454K, committed 110208K, reserved 770048K
  class space    used 15331K, committed 15744K, reserved 638976K
}
Event: 91.730 GC heap before
{Heap before GC invocations=79 (full 0):
 garbage-first heap   total 630784K, used 515943K [0x0000000680000000, 0x0000000800000000)
  region size 4096K, 73 young (299008K), 8 survivors (32768K)
 Metaspace       used 109521K, committed 110336K, reserved 770048K
  class space    used 15332K, committed 15744K, reserved 638976K
}
Event: 91.759 GC heap after
{Heap after GC invocations=80 (full 0):
 garbage-first heap   total 630784K, used 260883K [0x0000000680000000, 0x0000000800000000)
  region size 4096K, 6 young (24576K), 6 survivors (24576K)
 Metaspace       used 109521K, committed 110336K, reserved 770048K
  class space    used 15332K, committed 15744K, reserved 638976K
}
Event: 112.577 GC heap before
{Heap before GC invocations=80 (full 0):
 garbage-first heap   total 630784K, used 523027K [0x0000000680000000, 0x0000000800000000)
  region size 4096K, 71 young (290816K), 6 survivors (24576K)
 Metaspace       used 109674K, committed 110464K, reserved 770048K
  class space    used 15350K, committed 15744K, reserved 638976K
}
Event: 112.595 GC heap after
{Heap after GC invocations=81 (full 0):
 garbage-first heap   total 630784K, used 252045K [0x0000000680000000, 0x0000000800000000)
  region size 4096K, 2 young (8192K), 2 survivors (8192K)
 Metaspace       used 109674K, committed 110464K, reserved 770048K
  class space    used 15350K, committed 15744K, reserved 638976K
}

