# JRE version: OpenJDK Runtime Environment Temurin-17.0.16+8 (17.0.16+8) (build 17.0.16+8)
# Java VM: OpenJDK 64-Bit Server VM Temurin-17.0.16+8 (17.0.16+8, mixed mode, sharing, tiered, compressed oops, compressed class ptrs, g1 gc, windows-amd64)
GC Precious Log:
 CPUs: 8 total, 8 available
 Memory: 6020M
 Large Page Support: Disabled
 NUMA Support: Disabled
 Compressed Oops: Enabled (32-bit)
 Heap Region Size: 1M
 Heap Min Capacity: 8M
 Heap Initial Capacity: 96M
 Heap Max Capacity: 1506M
 Pre-touch: Disabled
 Parallel Workers: 8
 Concurrent Workers: 2
 Concurrent Refinement Workers: 8
 Periodic GC: Disabled
Heap:
 garbage-first heap   total 252928K, used 170582K [0x00000000a1e00000, 0x0000000100000000)
  region size 1024K, 22 young (22528K), 1 survivors (1024K)
 Metaspace       used 54889K, committed 55232K, reserved 1114112K
  class space    used 5861K, committed 6016K, reserved 1048576K
GC Heap History (20 events):
Event: 133.820 GC heap before
{Heap before GC invocations=56 (full 0):
 garbage-first heap   total 196608K, used 165298K [0x00000000a1e00000, 0x0000000100000000)
  region size 1024K, 47 young (48128K), 1 survivors (1024K)
 Metaspace       used 53978K, committed 54272K, reserved 1114112K
  class space    used 5814K, committed 5952K, reserved 1048576K
}
Event: 133.829 GC heap after
{Heap after GC invocations=57 (full 0):
 garbage-first heap   total 196608K, used 120802K [0x00000000a1e00000, 0x0000000100000000)
  region size 1024K, 4 young (4096K), 4 survivors (4096K)
 Metaspace       used 53978K, committed 54272K, reserved 1114112K
  class space    used 5814K, committed 5952K, reserved 1048576K
}
Event: 138.722 GC heap before
{Heap before GC invocations=57 (full 0):
 garbage-first heap   total 196608K, used 165858K [0x00000000a1e00000, 0x0000000100000000)
  region size 1024K, 48 young (49152K), 4 survivors (4096K)
 Metaspace       used 54417K, committed 54720K, reserved 1114112K
  class space    used 5857K, committed 6016K, reserved 1048576K
}
Event: 138.759 GC heap after
{Heap after GC invocations=58 (full 0):
 garbage-first heap   total 196608K, used 125702K [0x00000000a1e00000, 0x0000000100000000)
  region size 1024K, 6 young (6144K), 6 survivors (6144K)
 Metaspace       used 54417K, committed 54720K, reserved 1114112K
  class space    used 5857K, committed 6016K, reserved 1048576K
}
Event: 141.558 GC heap before
{Heap before GC invocations=58 (full 0):
 garbage-first heap   total 196608K, used 165638K [0x00000000a1e00000, 0x0000000100000000)
  region size 1024K, 45 young (46080K), 6 survivors (6144K)
 Metaspace       used 54483K, committed 54784K, reserved 1114112K
  class space    used 5859K, committed 6016K, reserved 1048576K
}
Event: 141.589 GC heap after
{Heap after GC invocations=59 (full 0):
 garbage-first heap   total 196608K, used 129137K [0x00000000a1e00000, 0x0000000100000000)
  region size 1024K, 4 young (4096K), 4 survivors (4096K)
 Metaspace       used 54483K, committed 54784K, reserved 1114112K
  class space    used 5859K, committed 6016K, reserved 1048576K
}
Event: 144.094 GC heap before
{Heap before GC invocations=60 (full 0):
 garbage-first heap   total 229376K, used 163953K [0x00000000a1e00000, 0x0000000100000000)
  region size 1024K, 38 young (38912K), 4 survivors (4096K)
 Metaspace       used 54693K, committed 55040K, reserved 1114112K
  class space    used 5859K, committed 6016K, reserved 1048576K
}
Event: 144.116 GC heap after
{Heap after GC invocations=61 (full 0):
 garbage-first heap   total 229376K, used 131966K [0x00000000a1e00000, 0x0000000100000000)
  region size 1024K, 3 young (3072K), 3 survivors (3072K)
 Metaspace       used 54693K, committed 55040K, reserved 1114112K
  class space    used 5859K, committed 6016K, reserved 1048576K
}
Event: 144.463 GC heap before
{Heap before GC invocations=61 (full 0):
 garbage-first heap   total 229376K, used 140158K [0x00000000a1e00000, 0x0000000100000000)
  region size 1024K, 11 young (11264K), 3 survivors (3072K)
 Metaspace       used 54694K, committed 55040K, reserved 1114112K
  class space    used 5859K, committed 6016K, reserved 1048576K
}
Event: 144.486 GC heap after
{Heap after GC invocations=62 (full 0):
 garbage-first heap   total 229376K, used 131856K [0x00000000a1e00000, 0x0000000100000000)
  region size 1024K, 1 young (1024K), 1 survivors (1024K)
 Metaspace       used 54694K, committed 55040K, reserved 1114112K
  class space    used 5859K, committed 6016K, reserved 1048576K
}
Event: 149.959 GC heap before
{Heap before GC invocations=62 (full 0):
 garbage-first heap   total 229376K, used 190224K [0x00000000a1e00000, 0x0000000100000000)
  region size 1024K, 58 young (59392K), 1 survivors (1024K)
 Metaspace       used 54756K, committed 55104K, reserved 1114112K
  class space    used 5859K, committed 6016K, reserved 1048576K
}
Event: 150.131 GC heap after
{Heap after GC invocations=63 (full 0):
 garbage-first heap   total 229376K, used 136363K [0x00000000a1e00000, 0x0000000100000000)
  region size 1024K, 6 young (6144K), 6 survivors (6144K)
 Metaspace       used 54756K, committed 55104K, reserved 1114112K
  class space    used 5859K, committed 6016K, reserved 1048576K
}
Event: 154.514 GC heap before
{Heap before GC invocations=63 (full 0):
 garbage-first heap   total 229376K, used 190635K [0x00000000a1e00000, 0x0000000100000000)
  region size 1024K, 59 young (60416K), 6 survivors (6144K)
 Metaspace       used 54826K, committed 55168K, reserved 1114112K
  class space    used 5860K, committed 6016K, reserved 1048576K
}
Event: 155.166 GC heap after
{Heap after GC invocations=64 (full 0):
 garbage-first heap   total 229376K, used 140567K [0x00000000a1e00000, 0x0000000100000000)
  region size 1024K, 5 young (5120K), 5 survivors (5120K)
 Metaspace       used 54826K, committed 55168K, reserved 1114112K
  class space    used 5860K, committed 6016K, reserved 1048576K
}
Event: 165.158 GC heap before
{Heap before GC invocations=64 (full 0):
 garbage-first heap   total 229376K, used 160023K [0x00000000a1e00000, 0x0000000100000000)
  region size 1024K, 15 young (15360K), 5 survivors (5120K)
 Metaspace       used 54832K, committed 55168K, reserved 1114112K
  class space    used 5860K, committed 6016K, reserved 1048576K
}
Event: 165.576 GC heap after
{Heap after GC invocations=65 (full 0):
 garbage-first heap   total 229376K, used 150552K [0x00000000a1e00000, 0x0000000100000000)
  region size 1024K, 1 young (1024K), 1 survivors (1024K)
 Metaspace       used 54832K, committed 55168K, reserved 1114112K
  class space    used 5860K, committed 6016K, reserved 1048576K
}
Event: 171.287 GC heap before
{Heap before GC invocations=66 (full 0):
 garbage-first heap   total 252928K, used 182296K [0x00000000a1e00000, 0x0000000100000000)
  region size 1024K, 34 young (34816K), 1 survivors (1024K)
 Metaspace       used 54856K, committed 55168K, reserved 1114112K
  class space    used 5860K, committed 6016K, reserved 1048576K
}
Event: 171.295 GC heap after
{Heap after GC invocations=67 (full 0):
 garbage-first heap   total 252928K, used 150586K [0x00000000a1e00000, 0x0000000100000000)
  region size 1024K, 3 young (3072K), 3 survivors (3072K)
 Metaspace       used 54856K, committed 55168K, reserved 1114112K
  class space    used 5860K, committed 6016K, reserved 1048576K
}
Event: 174.332 GC heap before
{Heap before GC invocations=67 (full 0):
 garbage-first heap   total 252928K, used 159802K [0x00000000a1e00000, 0x0000000100000000)
  region size 1024K, 12 young (12288K), 3 survivors (3072K)
 Metaspace       used 54874K, committed 55168K, reserved 1114112K
  class space    used 5861K, committed 6016K, reserved 1048576K
}
Event: 174.371 GC heap after
{Heap after GC invocations=68 (full 0):
 garbage-first heap   total 252928K, used 150102K [0x00000000a1e00000, 0x0000000100000000)
  region size 1024K, 1 young (1024K), 1 survivors (1024K)
 Metaspace       used 54874K, committed 55168K, reserved 1114112K
  class space    used 5861K, committed 6016K, reserved 1048576K
}

