# JRE version: OpenJDK Runtime Environment Temurin-17.0.16+8 (17.0.16+8) (build 17.0.16+8)
# Java VM: OpenJDK 64-Bit Server VM Temurin-17.0.16+8 (17.0.16+8, mixed mode, sharing, tiered, compressed oops, compressed class ptrs, g1 gc, windows-amd64)
GC Precious Log:
 CPUs: 8 total, 8 available
 Memory: 6020M
 Large Page Support: Disabled
 NUMA Support: Disabled
 Compressed Oops: Enabled (Zero based)
 Heap Region Size: 4M
 Heap Min Capacity: 8M
 Heap Initial Capacity: 96M
 Heap Max Capacity: 6G
 Pre-touch: Disabled
 Parallel Workers: 8
 Concurrent Workers: 2
 Concurrent Refinement Workers: 8
 Periodic GC: Disabled
Heap:
 garbage-first heap   total 425984K, used 179429K [0x0000000680000000, 0x0000000800000000)
  region size 4096K, 19 young (77824K), 7 survivors (28672K)
 Metaspace       used 97509K, committed 98368K, reserved 770048K
  class space    used 13683K, committed 14080K, reserved 638976K
GC Heap History (20 events):
Event: 38.040 GC heap before
{Heap before GC invocations=42 (full 0):
 garbage-first heap   total 184320K, used 147314K [0x0000000680000000, 0x0000000800000000)
  region size 4096K, 14 young (57344K), 2 survivors (8192K)
 Metaspace       used 87495K, committed 88256K, reserved 770048K
  class space    used 12356K, committed 12736K, reserved 638976K
}
Event: 38.055 GC heap after
{Heap after GC invocations=43 (full 0):
 garbage-first heap   total 184320K, used 104917K [0x0000000680000000, 0x0000000800000000)
  region size 4096K, 2 young (8192K), 2 survivors (8192K)
 Metaspace       used 87495K, committed 88256K, reserved 770048K
  class space    used 12356K, committed 12736K, reserved 638976K
}
Event: 38.866 GC heap before
{Heap before GC invocations=44 (full 0):
 garbage-first heap   total 184320K, used 141781K [0x0000000680000000, 0x0000000800000000)
  region size 4096K, 12 young (49152K), 2 survivors (8192K)
 Metaspace       used 87646K, committed 88448K, reserved 770048K
  class space    used 12357K, committed 12736K, reserved 638976K
}
Event: 38.877 GC heap after
{Heap after GC invocations=45 (full 0):
 garbage-first heap   total 184320K, used 106713K [0x0000000680000000, 0x0000000800000000)
  region size 4096K, 2 young (8192K), 2 survivors (8192K)
 Metaspace       used 87646K, committed 88448K, reserved 770048K
  class space    used 12357K, committed 12736K, reserved 638976K
}
Event: 38.924 GC heap before
{Heap before GC invocations=45 (full 0):
 garbage-first heap   total 184320K, used 110809K [0x0000000680000000, 0x0000000800000000)
  region size 4096K, 3 young (12288K), 2 survivors (8192K)
 Metaspace       used 87649K, committed 88448K, reserved 770048K
  class space    used 12357K, committed 12736K, reserved 638976K
}
Event: 38.929 GC heap after
{Heap after GC invocations=46 (full 0):
 garbage-first heap   total 184320K, used 104352K [0x0000000680000000, 0x0000000800000000)
  region size 4096K, 1 young (4096K), 1 survivors (4096K)
 Metaspace       used 87649K, committed 88448K, reserved 770048K
  class space    used 12357K, committed 12736K, reserved 638976K
}
Event: 39.481 GC heap before
{Heap before GC invocations=46 (full 0):
 garbage-first heap   total 184320K, used 145312K [0x0000000680000000, 0x0000000800000000)
  region size 4096K, 11 young (45056K), 1 survivors (4096K)
 Metaspace       used 87776K, committed 88512K, reserved 770048K
  class space    used 12361K, committed 12736K, reserved 638976K
}
Event: 39.487 GC heap after
{Heap after GC invocations=47 (full 0):
 garbage-first heap   total 184320K, used 106173K [0x0000000680000000, 0x0000000800000000)
  region size 4096K, 1 young (4096K), 1 survivors (4096K)
 Metaspace       used 87776K, committed 88512K, reserved 770048K
  class space    used 12361K, committed 12736K, reserved 638976K
}
Event: 44.618 GC heap before
{Heap before GC invocations=48 (full 0):
 garbage-first heap   total 192512K, used 147133K [0x0000000680000000, 0x0000000800000000)
  region size 4096K, 12 young (49152K), 1 survivors (4096K)
 Metaspace       used 88003K, committed 88768K, reserved 770048K
  class space    used 12389K, committed 12800K, reserved 638976K
}
Event: 44.626 GC heap after
{Heap after GC invocations=49 (full 0):
 garbage-first heap   total 192512K, used 108714K [0x0000000680000000, 0x0000000800000000)
  region size 4096K, 2 young (8192K), 2 survivors (8192K)
 Metaspace       used 88003K, committed 88768K, reserved 770048K
  class space    used 12389K, committed 12800K, reserved 638976K
}
Event: 45.425 GC heap before
{Heap before GC invocations=49 (full 0):
 garbage-first heap   total 192512K, used 149674K [0x0000000680000000, 0x0000000800000000)
  region size 4096K, 13 young (53248K), 2 survivors (8192K)
 Metaspace       used 88111K, committed 88832K, reserved 770048K
  class space    used 12401K, committed 12800K, reserved 638976K
}
Event: 45.433 GC heap after
{Heap after GC invocations=50 (full 0):
 garbage-first heap   total 192512K, used 110746K [0x0000000680000000, 0x0000000800000000)
  region size 4096K, 2 young (8192K), 2 survivors (8192K)
 Metaspace       used 88111K, committed 88832K, reserved 770048K
  class space    used 12401K, committed 12800K, reserved 638976K
}
Event: 46.454 GC heap before
{Heap before GC invocations=51 (full 0):
 garbage-first heap   total 212992K, used 151706K [0x0000000680000000, 0x0000000800000000)
  region size 4096K, 12 young (49152K), 2 survivors (8192K)
 Metaspace       used 88378K, committed 89152K, reserved 770048K
  class space    used 12437K, committed 12864K, reserved 638976K
}
Event: 46.463 GC heap after
{Heap after GC invocations=52 (full 0):
 garbage-first heap   total 212992K, used 112641K [0x0000000680000000, 0x0000000800000000)
  region size 4096K, 2 young (8192K), 2 survivors (8192K)
 Metaspace       used 88378K, committed 89152K, reserved 770048K
  class space    used 12437K, committed 12864K, reserved 638976K
}
Event: 46.494 GC heap before
{Heap before GC invocations=52 (full 0):
 garbage-first heap   total 212992K, used 112641K [0x0000000680000000, 0x0000000800000000)
  region size 4096K, 3 young (12288K), 2 survivors (8192K)
 Metaspace       used 88378K, committed 89152K, reserved 770048K
  class space    used 12437K, committed 12864K, reserved 638976K
}
Event: 46.505 GC heap after
{Heap after GC invocations=53 (full 0):
 garbage-first heap   total 212992K, used 111636K [0x0000000680000000, 0x0000000800000000)
  region size 4096K, 1 young (4096K), 1 survivors (4096K)
 Metaspace       used 88378K, committed 89152K, reserved 770048K
  class space    used 12437K, committed 12864K, reserved 638976K
}
Event: 47.260 GC heap before
{Heap before GC invocations=53 (full 0):
 garbage-first heap   total 212992K, used 168980K [0x0000000680000000, 0x0000000800000000)
  region size 4096K, 15 young (61440K), 1 survivors (4096K)
 Metaspace       used 88435K, committed 89216K, reserved 770048K
  class space    used 12441K, committed 12864K, reserved 638976K
}
Event: 47.268 GC heap after
{Heap after GC invocations=54 (full 0):
 garbage-first heap   total 425984K, used 114557K [0x0000000680000000, 0x0000000800000000)
  region size 4096K, 2 young (8192K), 2 survivors (8192K)
 Metaspace       used 88435K, committed 89216K, reserved 770048K
  class space    used 12441K, committed 12864K, reserved 638976K
}
Event: 53.223 GC heap before
{Heap before GC invocations=55 (full 0):
 garbage-first heap   total 425984K, used 327549K [0x0000000680000000, 0x0000000800000000)
  region size 4096K, 55 young (225280K), 2 survivors (8192K)
 Metaspace       used 95933K, committed 96768K, reserved 770048K
  class space    used 13446K, committed 13824K, reserved 638976K
}
Event: 53.247 GC heap after
{Heap after GC invocations=56 (full 0):
 garbage-first heap   total 425984K, used 138469K [0x0000000680000000, 0x0000000800000000)
  region size 4096K, 7 young (28672K), 7 survivors (28672K)
 Metaspace       used 95933K, committed 96768K, reserved 770048K
  class space    used 13446K, committed 13824K, reserved 638976K
}

