# JRE version: OpenJDK Runtime Environment Temurin-17.0.16+8 (17.0.16+8) (build 17.0.16+8)
# Java VM: OpenJDK 64-Bit Server VM Temurin-17.0.16+8 (17.0.16+8, mixed mode, sharing, tiered, compressed oops, compressed class ptrs, g1 gc, windows-amd64)
GC Precious Log:
 CPUs: 8 total, 8 available
 Memory: 6020M
 Large Page Support: Disabled
 NUMA Support: Disabled
 Compressed Oops: Enabled (32-bit)
 Heap Region Size: 1M
 Heap Min Capacity: 8M
 Heap Initial Capacity: 96M
 Heap Max Capacity: 1506M
 Pre-touch: Disabled
 Parallel Workers: 8
 Concurrent Workers: 2
 Concurrent Refinement Workers: 8
 Periodic GC: Disabled
Heap:
 garbage-first heap   total 65536K, used 32650K [0x00000000a1e00000, 0x0000000100000000)
  region size 1024K, 9 young (9216K), 4 survivors (4096K)
 Metaspace       used 31127K, committed 31360K, reserved 1114112K
  class space    used 3829K, committed 3904K, reserved 1048576K
GC Heap History (12 events):
Event: 7.481 GC heap before
{Heap before GC invocations=0 (full 0):
 garbage-first heap   total 98304K, used 27648K [0x00000000a1e00000, 0x0000000100000000)
  region size 1024K, 23 young (23552K), 0 survivors (0K)
 Metaspace       used 7002K, committed 7104K, reserved 1114112K
  class space    used 722K, committed 768K, reserved 1048576K
}
Event: 7.599 GC heap after
{Heap after GC invocations=1 (full 0):
 garbage-first heap   total 98304K, used 7264K [0x00000000a1e00000, 0x0000000100000000)
  region size 1024K, 3 young (3072K), 3 survivors (3072K)
 Metaspace       used 7002K, committed 7104K, reserved 1114112K
  class space    used 722K, committed 768K, reserved 1048576K
}
Event: 36.079 GC heap before
{Heap before GC invocations=1 (full 0):
 garbage-first heap   total 98304K, used 40032K [0x00000000a1e00000, 0x0000000100000000)
  region size 1024K, 35 young (35840K), 3 survivors (3072K)
 Metaspace       used 15878K, committed 16192K, reserved 1114112K
  class space    used 2078K, committed 2176K, reserved 1048576K
}
Event: 36.090 GC heap after
{Heap after GC invocations=2 (full 0):
 garbage-first heap   total 98304K, used 9769K [0x00000000a1e00000, 0x0000000100000000)
  region size 1024K, 3 young (3072K), 3 survivors (3072K)
 Metaspace       used 15878K, committed 16192K, reserved 1114112K
  class space    used 2078K, committed 2176K, reserved 1048576K
}
Event: 38.363 GC heap before
{Heap before GC invocations=2 (full 0):
 garbage-first heap   total 98304K, used 56873K [0x00000000a1e00000, 0x0000000100000000)
  region size 1024K, 48 young (49152K), 3 survivors (3072K)
 Metaspace       used 21329K, committed 21504K, reserved 1114112K
  class space    used 2855K, committed 2944K, reserved 1048576K
}
Event: 38.389 GC heap after
{Heap after GC invocations=3 (full 0):
 garbage-first heap   total 98304K, used 17662K [0x00000000a1e00000, 0x0000000100000000)
  region size 1024K, 8 young (8192K), 8 survivors (8192K)
 Metaspace       used 21329K, committed 21504K, reserved 1114112K
  class space    used 2855K, committed 2944K, reserved 1048576K
}
Event: 40.679 GC heap before
{Heap before GC invocations=4 (full 0):
 garbage-first heap   total 65536K, used 48382K [0x00000000a1e00000, 0x0000000100000000)
  region size 1024K, 38 young (38912K), 8 survivors (8192K)
 Metaspace       used 27018K, committed 27200K, reserved 1114112K
  class space    used 3396K, committed 3456K, reserved 1048576K
}
Event: 40.702 GC heap after
{Heap after GC invocations=5 (full 0):
 garbage-first heap   total 65536K, used 21962K [0x00000000a1e00000, 0x0000000100000000)
  region size 1024K, 4 young (4096K), 4 survivors (4096K)
 Metaspace       used 27018K, committed 27200K, reserved 1114112K
  class space    used 3396K, committed 3456K, reserved 1048576K
}
Event: 40.752 GC heap before
{Heap before GC invocations=5 (full 0):
 garbage-first heap   total 65536K, used 22986K [0x00000000a1e00000, 0x0000000100000000)
  region size 1024K, 5 young (5120K), 4 survivors (4096K)
 Metaspace       used 27206K, committed 27456K, reserved 1114112K
  class space    used 3418K, committed 3520K, reserved 1048576K
}
Event: 40.760 GC heap after
{Heap after GC invocations=6 (full 0):
 garbage-first heap   total 65536K, used 22896K [0x00000000a1e00000, 0x0000000100000000)
  region size 1024K, 1 young (1024K), 1 survivors (1024K)
 Metaspace       used 27206K, committed 27456K, reserved 1114112K
  class space    used 3418K, committed 3520K, reserved 1048576K
}
Event: 43.769 GC heap before
{Heap before GC invocations=6 (full 0):
 garbage-first heap   total 65536K, used 46448K [0x00000000a1e00000, 0x0000000100000000)
  region size 1024K, 25 young (25600K), 1 survivors (1024K)
 Metaspace       used 30388K, committed 30528K, reserved 1114112K
  class space    used 3725K, committed 3776K, reserved 1048576K
}
Event: 43.789 GC heap after
{Heap after GC invocations=7 (full 0):
 garbage-first heap   total 65536K, used 28554K [0x00000000a1e00000, 0x0000000100000000)
  region size 1024K, 4 young (4096K), 4 survivors (4096K)
 Metaspace       used 30388K, committed 30528K, reserved 1114112K
  class space    used 3725K, committed 3776K, reserved 1048576K
}

